"../../../Engine/Content/EditorResources/S_Actor.ubulk" 0
"../../../Engine/Content/EditorResources/S_Actor.uasset" 1
"../../../Engine/Content/EditorResources/S_Actor.uexp" 2
"../../../Engine/Content/EditorResources/S_BoxReflectionCapture.uasset" 3
"../../../Engine/Content/EditorResources/S_BoxReflectionCapture.uexp" 4
"../../../Engine/Content/EngineResources/DefaultTexture.ubulk" 5
"../../../Engine/Content/EngineResources/DefaultTexture.uasset" 6
"../../../Engine/Content/EngineResources/DefaultTexture.uexp" 7
"../../../Engine/Content/EngineResources/DefaultTextureCube.uasset" 8
"../../../Engine/Content/EngineResources/DefaultTextureCube.uexp" 9
"../../../Engine/Content/EngineResources/DefaultVolumeTexture2D.uasset" 10
"../../../Engine/Content/EngineResources/DefaultVolumeTexture2D.uexp" 11
"../../../Engine/Content/EngineResources/DefaultVolumeTexture.uasset" 12
"../../../Engine/Content/EngineResources/DefaultVolumeTexture.uexp" 13
"../../../Engine/Content/EditorResources/S_Trigger.ubulk" 14
"../../../Engine/Content/EditorResources/S_Trigger.uasset" 15
"../../../Engine/Content/EditorResources/S_Trigger.uexp" 16
"../../../Engine/Content/EditorResources/S_TriggerBox.uasset" 17
"../../../Engine/Content/EditorResources/S_TriggerBox.uexp" 18
"../../../Engine/Content/EditorResources/S_TriggerCapsule.uasset" 19
"../../../Engine/Content/EditorResources/S_TriggerCapsule.uexp" 20
"../../../Engine/Content/EditorResources/S_TriggerSphere.uasset" 21
"../../../Engine/Content/EditorResources/S_TriggerSphere.uexp" 22
"../../../Engine/Content/EngineMeshes/Sphere.ubulk" 23
"../../../Engine/Content/EngineMeshes/Sphere.uasset" 24
"../../../Engine/Content/EngineMeshes/Sphere.uexp" 25
"../../../Engine/Content/EngineResources/GradientTexture0.uasset" 26
"../../../Engine/Content/EngineResources/GradientTexture0.uexp" 27
"../../../Engine/Content/EngineResources/Black.uasset" 28
"../../../Engine/Content/EngineResources/Black.uexp" 29
"../../../Engine/Content/VREditor/LaserPointer/VR_LaserPower_01.ubulk" 30
"../../../Engine/Content/VREditor/LaserPointer/VR_LaserPower_01.uasset" 31
"../../../Engine/Content/VREditor/LaserPointer/VR_LaserPower_01.uexp" 32
"../../../Engine/Content/VREditor/TransformGizmo/TransformGizmoMaterial.uasset" 33
"../../../Engine/Content/VREditor/TransformGizmo/TransformGizmoMaterial.uexp" 34
"../../../Engine/Content/VREditor/TransformGizmo/TranslucentTransformGizmoMaterial.uasset" 35
"../../../Engine/Content/VREditor/TransformGizmo/TranslucentTransformGizmoMaterial.uexp" 36
"../../../Engine/Content/VREditor/TransformGizmo/PlaneTranslationHandle.ubulk" 37
"../../../Engine/Content/VREditor/TransformGizmo/PlaneTranslationHandle.uasset" 38
"../../../Engine/Content/VREditor/TransformGizmo/PlaneTranslationHandle.uexp" 39
"../../../Engine/Content/VREditor/TransformGizmo/BoundingBoxCorner.ubulk" 40
"../../../Engine/Content/VREditor/TransformGizmo/BoundingBoxCorner.uasset" 41
"../../../Engine/Content/VREditor/TransformGizmo/BoundingBoxCorner.uexp" 42
"../../../Engine/Content/VREditor/TransformGizmo/BoundingBoxEdge.ubulk" 43
"../../../Engine/Content/VREditor/TransformGizmo/BoundingBoxEdge.uasset" 44
"../../../Engine/Content/VREditor/TransformGizmo/BoundingBoxEdge.uexp" 45
"../../../Engine/Content/VREditor/TransformGizmo/Main.uasset" 46
"../../../Engine/Content/VREditor/TransformGizmo/Main.uexp" 47
"../../../Engine/Content/VREditor/TransformGizmo/Xray.uasset" 48
"../../../Engine/Content/VREditor/TransformGizmo/Xray.uexp" 49
"../../../Engine/Content/VREditor/TransformGizmo/SM_Sequencer_Node.ubulk" 50
"../../../Engine/Content/VREditor/TransformGizmo/SM_Sequencer_Node.uasset" 51
"../../../Engine/Content/VREditor/TransformGizmo/SM_Sequencer_Node.uexp" 52
"../../../Engine/Content/EditorMaterials/Camera/CineMat.uasset" 53
"../../../Engine/Content/EditorMaterials/Camera/CineMat.uexp" 54
"../../../Engine/Content/EditorMaterials/Camera/MI_CineMat_Rig.uasset" 55
"../../../Engine/Content/EditorMaterials/Camera/MI_CineMat_Rig.uexp" 56
"../../../Engine/Content/EditorMeshes/Camera/SM_CraneRig_Base.ubulk" 57
"../../../Engine/Content/EditorMeshes/Camera/SM_CraneRig_Base.uasset" 58
"../../../Engine/Content/EditorMeshes/Camera/SM_CraneRig_Base.uexp" 59
"../../../Engine/Content/EditorMeshes/Camera/SM_CraneRig_Arm.ubulk" 60
"../../../Engine/Content/EditorMeshes/Camera/SM_CraneRig_Arm.uasset" 61
"../../../Engine/Content/EditorMeshes/Camera/SM_CraneRig_Arm.uexp" 62
"../../../Engine/Content/EditorMeshes/Camera/SM_CraneRig_Mount.ubulk" 63
"../../../Engine/Content/EditorMeshes/Camera/SM_CraneRig_Mount.uasset" 64
"../../../Engine/Content/EditorMeshes/Camera/SM_CraneRig_Mount.uexp" 65
"../../../Engine/Content/EditorMeshes/Camera/SM_CraneRig_Body.ubulk" 66
"../../../Engine/Content/EditorMeshes/Camera/SM_CraneRig_Body.uasset" 67
"../../../Engine/Content/EditorMeshes/Camera/SM_CraneRig_Body.uexp" 68
"../../../Engine/Content/EditorMeshes/Camera/SM_RailRig_Track.ubulk" 69
"../../../Engine/Content/EditorMeshes/Camera/SM_RailRig_Track.uasset" 70
"../../../Engine/Content/EditorMeshes/Camera/SM_RailRig_Track.uexp" 71
"../../../Engine/Content/EditorMeshes/Camera/SM_RailRig_Mount.ubulk" 72
"../../../Engine/Content/EditorMeshes/Camera/SM_RailRig_Mount.uasset" 73
"../../../Engine/Content/EditorMeshes/Camera/SM_RailRig_Mount.uexp" 74
"../../../Engine/Content/EngineMaterials/T_Default_Material_Grid_M.ubulk" 75
"../../../Engine/Content/EngineMaterials/T_Default_Material_Grid_M.uasset" 76
"../../../Engine/Content/EngineMaterials/T_Default_Material_Grid_M.uexp" 77
"../../../Engine/Content/EngineMaterials/T_Default_Material_Grid_N.ubulk" 78
"../../../Engine/Content/EngineMaterials/T_Default_Material_Grid_N.uasset" 79
"../../../Engine/Content/EngineMaterials/T_Default_Material_Grid_N.uexp" 80
"../../../Engine/Content/Functions/Engine_MaterialFunctions01/Opacity/CameraDepthFade.uasset" 81
"../../../Engine/Content/Functions/Engine_MaterialFunctions01/Opacity/CameraDepthFade.uexp" 82
"../../../Engine/Content/EngineMaterials/WorldGridMaterial.uasset" 83
"../../../Engine/Content/EngineMaterials/WorldGridMaterial.uexp" 84
"../../../Engine/Content/ArtTools/RenderToTexture/Meshes/S_1_Unit_Plane.ubulk" 85
"../../../Engine/Content/ArtTools/RenderToTexture/Meshes/S_1_Unit_Plane.uasset" 86
"../../../Engine/Content/ArtTools/RenderToTexture/Meshes/S_1_Unit_Plane.uexp" 87
"../../../Engine/Content/EditorMaterials/ParticleSystems/PSysThumbnail_NoImage.ubulk" 88
"../../../Engine/Content/EditorMaterials/ParticleSystems/PSysThumbnail_NoImage.uasset" 89
"../../../Engine/Content/EditorMaterials/ParticleSystems/PSysThumbnail_NoImage.uexp" 90
"../../../Engine/Content/EditorMaterials/ParticleSystems/PSysThumbnail_OOD.ubulk" 91
"../../../Engine/Content/EditorMaterials/ParticleSystems/PSysThumbnail_OOD.uasset" 92
"../../../Engine/Content/EditorMaterials/ParticleSystems/PSysThumbnail_OOD.uexp" 93
"../../../Engine/Content/EditorLandscapeResources/SplineEditorMeshMat.uasset" 94
"../../../Engine/Content/EditorLandscapeResources/SplineEditorMeshMat.uexp" 95
"../../../Engine/Content/EditorLandscapeResources/SplineEditorMesh.ubulk" 96
"../../../Engine/Content/EditorLandscapeResources/SplineEditorMesh.uasset" 97
"../../../Engine/Content/EditorLandscapeResources/SplineEditorMesh.uexp" 98
"../../../Engine/Content/EditorResources/S_Solver.ubulk" 99
"../../../Engine/Content/EditorResources/S_Solver.uasset" 100
"../../../Engine/Content/EditorResources/S_Solver.uexp" 101
"D:/github/TheLabyrinth/Content/Meshes/Emissive.uasset" 102
"D:/github/TheLabyrinth/Content/Meshes/Emissive.uexp" 103
"D:/github/TheLabyrinth/Content/Meshes/Emissive_BLUE.uasset" 104
"D:/github/TheLabyrinth/Content/Meshes/Emissive_BLUE.uexp" 105
"D:/github/TheLabyrinth/Content/Meshes/Beton/degraded-concrete_metallic.ubulk" 106
"D:/github/TheLabyrinth/Content/Meshes/Beton/degraded-concrete_metallic.uasset" 107
"D:/github/TheLabyrinth/Content/Meshes/Beton/degraded-concrete_metallic.uexp" 108
"D:/github/TheLabyrinth/Content/Meshes/Beton/degraded-concrete_normal-dx.ubulk" 109
"D:/github/TheLabyrinth/Content/Meshes/Beton/degraded-concrete_normal-dx.uasset" 110
"D:/github/TheLabyrinth/Content/Meshes/Beton/degraded-concrete_normal-dx.uexp" 111
"D:/github/TheLabyrinth/Content/Meshes/Beton/degraded-concrete_roughness.ubulk" 112
"D:/github/TheLabyrinth/Content/Meshes/Beton/degraded-concrete_roughness.uasset" 113
"D:/github/TheLabyrinth/Content/Meshes/Beton/degraded-concrete_roughness.uexp" 114
"D:/github/TheLabyrinth/Content/Meshes/Beton/degraded-concrete_ao.ubulk" 115
"D:/github/TheLabyrinth/Content/Meshes/Beton/degraded-concrete_ao.uasset" 116
"D:/github/TheLabyrinth/Content/Meshes/Beton/degraded-concrete_ao.uexp" 117
"D:/github/TheLabyrinth/Content/Meshes/Beton/degraded-concrete_albedo.ubulk" 118
"D:/github/TheLabyrinth/Content/Meshes/Beton/degraded-concrete_albedo.uasset" 119
"D:/github/TheLabyrinth/Content/Meshes/Beton/degraded-concrete_albedo.uexp" 120
"D:/github/TheLabyrinth/Content/Meshes/Beton/Beton.uasset" 121
"D:/github/TheLabyrinth/Content/Meshes/Beton/Beton.uexp" 122
"D:/github/TheLabyrinth/Content/Meshes/Wall/Wall.ubulk" 123
"D:/github/TheLabyrinth/Content/Meshes/Wall/Wall.uasset" 124
"D:/github/TheLabyrinth/Content/Meshes/Wall/Wall.uexp" 125
"../../../Engine/Plugins/Media/MediaPlate/Content/SM_MediaPlateScreen.ubulk" 126
"../../../Engine/Plugins/Media/MediaPlate/Content/SM_MediaPlateScreen.uasset" 127
"../../../Engine/Plugins/Media/MediaPlate/Content/SM_MediaPlateScreen.uexp" 128
"../../../Engine/Content/EngineMaterials/Good64x64TilingNoiseHighFreq.uasset" 129
"../../../Engine/Content/EngineMaterials/Good64x64TilingNoiseHighFreq.uexp" 130
"../../../Engine/Content/EngineMaterials/DefaultBokeh.uasset" 131
"../../../Engine/Content/EngineMaterials/DefaultBokeh.uexp" 132
"../../../Engine/Content/EngineMaterials/PreintegratedSkinBRDF.uasset" 133
"../../../Engine/Content/EngineMaterials/PreintegratedSkinBRDF.uexp" 134
"../../../Engine/Content/EngineMaterials/MiniFont.uasset" 135
"../../../Engine/Content/EngineMaterials/MiniFont.uexp" 136
"../../../Engine/Content/EngineMaterials/WeightMapPlaceholderTexture.uasset" 137
"../../../Engine/Content/EngineMaterials/WeightMapPlaceholderTexture.uexp" 138
"../../../Engine/Content/EngineMaterials/DefaultWhiteGrid.ubulk" 139
"../../../Engine/Content/EngineMaterials/DefaultWhiteGrid.uasset" 140
"../../../Engine/Content/EngineMaterials/DefaultWhiteGrid.uexp" 141
"../../../Engine/Content/Functions/Engine_MaterialFunctions02/WorldPositionOffset/CameraOffset.uasset" 142
"../../../Engine/Content/Functions/Engine_MaterialFunctions02/WorldPositionOffset/CameraOffset.uexp" 143
"../../../Engine/Plugins/Animation/ControlRig/Content/M_Manip.uasset" 144
"../../../Engine/Plugins/Animation/ControlRig/Content/M_Manip.uexp" 145
"../../../Engine/Plugins/2D/Paper2D/Content/PlaceholderTextures/DummySpriteTexture.ubulk" 146
"../../../Engine/Plugins/2D/Paper2D/Content/PlaceholderTextures/DummySpriteTexture.uasset" 147
"../../../Engine/Plugins/2D/Paper2D/Content/PlaceholderTextures/DummySpriteTexture.uexp" 148
"../../../Engine/Plugins/2D/Paper2D/Content/DefaultSpriteMaterial.uasset" 149
"../../../Engine/Plugins/2D/Paper2D/Content/DefaultSpriteMaterial.uexp" 150
"../../../Engine/Plugins/2D/Paper2D/Content/OpaqueUnlitSpriteMaterial.uasset" 151
"../../../Engine/Plugins/2D/Paper2D/Content/OpaqueUnlitSpriteMaterial.uexp" 152
"../../../Engine/Plugins/2D/Paper2D/Content/MaskedUnlitSpriteMaterial.uasset" 153
"../../../Engine/Plugins/2D/Paper2D/Content/MaskedUnlitSpriteMaterial.uexp" 154
"../../../Engine/Plugins/2D/Paper2D/Content/DummySprite.uasset" 155
"../../../Engine/Plugins/2D/Paper2D/Content/DummySprite.uexp" 156
"../../../Engine/Plugins/2D/Paper2D/Content/DefaultPaperTerrainMaterial.uasset" 157
"../../../Engine/Plugins/2D/Paper2D/Content/DefaultPaperTerrainMaterial.uexp" 158
"D:/github/TheLabyrinth/Content/Blueprints/LabyrinthSpawnerBP.uasset" 159
"D:/github/TheLabyrinth/Content/Blueprints/LabyrinthSpawnerBP.uexp" 160
"../../../Engine/Content/BasicShapes/Cube.ubulk" 161
"../../../Engine/Content/BasicShapes/Cube.uasset" 162
"../../../Engine/Content/BasicShapes/Cube.uexp" 163
"D:/github/TheLabyrinth/Content/Sounds/SirGeyg.ubulk" 164
"D:/github/TheLabyrinth/Content/Sounds/SirGeyg.uasset" 165
"D:/github/TheLabyrinth/Content/Sounds/SirGeyg.uexp" 166
"D:/github/TheLabyrinth/Content/Blueprints/FinishGameType.uasset" 167
"D:/github/TheLabyrinth/Content/Blueprints/FinishGameType.uexp" 168
"D:/github/TheLabyrinth/Content/digital-7__mono_italic_.uexp" 169
"D:/github/TheLabyrinth/Content/digital-7__mono_italic_.uasset" 170
"D:/github/TheLabyrinth/Content/digital-7__mono_italic_.ufont" 171
"D:/github/TheLabyrinth/Content/digital-7__mono_italic__Font.uasset" 172
"D:/github/TheLabyrinth/Content/digital-7__mono_italic__Font.uexp" 173
"D:/github/TheLabyrinth/Content/Blueprints/Ingametimer.uasset" 174
"D:/github/TheLabyrinth/Content/Blueprints/Ingametimer.uexp" 175
"D:/github/TheLabyrinth/Content/Blueprints/CameraShake.uasset" 176
"D:/github/TheLabyrinth/Content/Blueprints/CameraShake.uexp" 177
"D:/github/TheLabyrinth/Content/Meshes/Button/Material_031.uasset" 178
"D:/github/TheLabyrinth/Content/Meshes/Button/Material_031.uexp" 179
"D:/github/TheLabyrinth/Content/Meshes/Emissive_RED.uasset" 180
"D:/github/TheLabyrinth/Content/Meshes/Emissive_RED.uexp" 181
"D:/github/TheLabyrinth/Content/Meshes/Button/Material_033.uasset" 182
"D:/github/TheLabyrinth/Content/Meshes/Button/Material_033.uexp" 183
"D:/github/TheLabyrinth/Content/Meshes/Button/ButtonC.ubulk" 184
"D:/github/TheLabyrinth/Content/Meshes/Button/ButtonC.uasset" 185
"D:/github/TheLabyrinth/Content/Meshes/Button/ButtonC.uexp" 186
"D:/github/TheLabyrinth/Content/Meshes/Button/ButtonBP.uasset" 187
"D:/github/TheLabyrinth/Content/Meshes/Button/ButtonBP.uexp" 188
"D:/github/TheLabyrinth/Content/ThirdPerson/Input/Actions/IA_Jump.uasset" 189
"D:/github/TheLabyrinth/Content/ThirdPerson/Input/Actions/IA_Jump.uexp" 190
"D:/github/TheLabyrinth/Content/ThirdPerson/Input/Actions/IA_Look.uasset" 191
"D:/github/TheLabyrinth/Content/ThirdPerson/Input/Actions/IA_Look.uexp" 192
"D:/github/TheLabyrinth/Content/ThirdPerson/Input/Actions/IA_Move.uasset" 193
"D:/github/TheLabyrinth/Content/ThirdPerson/Input/Actions/IA_Move.uexp" 194
"D:/github/TheLabyrinth/Content/ThirdPerson/Input/IMC_Default.uasset" 195
"D:/github/TheLabyrinth/Content/ThirdPerson/Input/IMC_Default.uexp" 196
"D:/github/TheLabyrinth/Content/Characters/Mannequins/Meshes/SK_Mannequin.uasset" 197
"D:/github/TheLabyrinth/Content/Characters/Mannequins/Meshes/SK_Mannequin.uexp" 198
"../../../Engine/Content/Animation/DefaultAnimCurveCompressionSettings.uasset" 199
"../../../Engine/Content/Animation/DefaultAnimCurveCompressionSettings.uexp" 200
"../../../Engine/Content/Animation/DefaultAnimBoneCompressionSettings.uasset" 201
"../../../Engine/Content/Animation/DefaultAnimBoneCompressionSettings.uexp" 202
"D:/github/TheLabyrinth/Content/Characters/Mannequins/Animations/Quinn/MF_Run_Fwd.uasset" 203
"D:/github/TheLabyrinth/Content/Characters/Mannequins/Animations/Quinn/MF_Run_Fwd.uexp" 204
"D:/github/TheLabyrinth/Content/Characters/Mannequins/Animations/Quinn/MF_Walk_Fwd.uasset" 205
"D:/github/TheLabyrinth/Content/Characters/Mannequins/Animations/Quinn/MF_Walk_Fwd.uexp" 206
"../../../Engine/Content/Animation/DefaultRecorderBoneCompression.uasset" 207
"../../../Engine/Content/Animation/DefaultRecorderBoneCompression.uexp" 208
"D:/github/TheLabyrinth/Content/Characters/Mannequins/Animations/Manny/MM_Walk_InPlace.uasset" 209
"D:/github/TheLabyrinth/Content/Characters/Mannequins/Animations/Manny/MM_Walk_InPlace.uexp" 210
"D:/github/TheLabyrinth/Content/Characters/Mannequins/Animations/Quinn/BS_MF_Unarmed_WalkRun.uasset" 211
"D:/github/TheLabyrinth/Content/Characters/Mannequins/Animations/Quinn/BS_MF_Unarmed_WalkRun.uexp" 212
"D:/github/TheLabyrinth/Content/Characters/Mannequins/Animations/Quinn/MF_Idle.uasset" 213
"D:/github/TheLabyrinth/Content/Characters/Mannequins/Animations/Quinn/MF_Idle.uexp" 214
"D:/github/TheLabyrinth/Content/Characters/Mannequins/Animations/Manny/MM_Fall_Loop.uasset" 215
"D:/github/TheLabyrinth/Content/Characters/Mannequins/Animations/Manny/MM_Fall_Loop.uexp" 216
"D:/github/TheLabyrinth/Content/Characters/Mannequins/Animations/Manny/MM_Jump.uasset" 217
"D:/github/TheLabyrinth/Content/Characters/Mannequins/Animations/Manny/MM_Jump.uexp" 218
"../../../Engine/Plugins/Animation/ControlRig/Content/Controls/DefaultGizmoLibrary.uasset" 219
"../../../Engine/Plugins/Animation/ControlRig/Content/Controls/DefaultGizmoLibrary.uexp" 220
"D:/github/TheLabyrinth/Content/Characters/Mannequins/Rigs/CR_Mannequin_BasicFootIK.uasset" 221
"D:/github/TheLabyrinth/Content/Characters/Mannequins/Rigs/CR_Mannequin_BasicFootIK.uexp" 222
"D:/github/TheLabyrinth/Content/Characters/Mannequins/Animations/Manny/MM_Run_Fwd.uasset" 223
"D:/github/TheLabyrinth/Content/Characters/Mannequins/Animations/Manny/MM_Run_Fwd.uexp" 224
"D:/github/TheLabyrinth/Content/Characters/Mannequins/Animations/Manny/MM_Walk_Fwd.uasset" 225
"D:/github/TheLabyrinth/Content/Characters/Mannequins/Animations/Manny/MM_Walk_Fwd.uexp" 226
"D:/github/TheLabyrinth/Content/Characters/Mannequins/Animations/Manny/BS_MM_WalkRun.uasset" 227
"D:/github/TheLabyrinth/Content/Characters/Mannequins/Animations/Manny/BS_MM_WalkRun.uexp" 228
"D:/github/TheLabyrinth/Content/Characters/Mannequins/Animations/Manny/MM_Land.uasset" 229
"D:/github/TheLabyrinth/Content/Characters/Mannequins/Animations/Manny/MM_Land.uexp" 230
"D:/github/TheLabyrinth/Content/Characters/Mannequins/Animations/Manny/MM_Idle.uasset" 231
"D:/github/TheLabyrinth/Content/Characters/Mannequins/Animations/Manny/MM_Idle.uexp" 232
"D:/github/TheLabyrinth/Content/Characters/Mannequins/Animations/ABP_Manny.uasset" 233
"D:/github/TheLabyrinth/Content/Characters/Mannequins/Animations/ABP_Manny.uexp" 234
"D:/github/TheLabyrinth/Content/Characters/Mannequins/Animations/ABP_Quinn.uasset" 235
"D:/github/TheLabyrinth/Content/Characters/Mannequins/Animations/ABP_Quinn.uexp" 236
"D:/github/TheLabyrinth/Content/Sounds/Noice.ubulk" 237
"D:/github/TheLabyrinth/Content/Sounds/Noice.uasset" 238
"D:/github/TheLabyrinth/Content/Sounds/Noice.uexp" 239
"D:/github/TheLabyrinth/Content/DialogSystem/avatar.uasset" 240
"D:/github/TheLabyrinth/Content/DialogSystem/avatar.uexp" 241
"D:/github/TheLabyrinth/Content/DialogSystem/BGs/Depression.uasset" 242
"D:/github/TheLabyrinth/Content/DialogSystem/BGs/Depression.uexp" 243
"D:/github/TheLabyrinth/Content/DialogSystem/DiaStruct.uasset" 244
"D:/github/TheLabyrinth/Content/DialogSystem/DiaStruct.uexp" 245
"D:/github/TheLabyrinth/Content/DialogSystem/ShoToGuestDiaTable.uasset" 246
"D:/github/TheLabyrinth/Content/DialogSystem/ShoToGuestDiaTable.uexp" 247
"D:/github/TheLabyrinth/Content/DialogSystem/BGs/bunker.uasset" 248
"D:/github/TheLabyrinth/Content/DialogSystem/BGs/bunker.uexp" 249
"D:/github/TheLabyrinth/Content/DialogSystem/MainDiaTable.uasset" 250
"D:/github/TheLabyrinth/Content/DialogSystem/MainDiaTable.uexp" 251
"../../../Engine/Content/EditorBlueprintResources/StandardMacros.uasset" 252
"../../../Engine/Content/EditorBlueprintResources/StandardMacros.uexp" 253
"D:/github/TheLabyrinth/Content/DialogSystem/ButtonDiaTable.uasset" 254
"D:/github/TheLabyrinth/Content/DialogSystem/ButtonDiaTable.uexp" 255
"D:/github/TheLabyrinth/Content/DialogSystem/DiaWidget.uasset" 256
"D:/github/TheLabyrinth/Content/DialogSystem/DiaWidget.uexp" 257
"D:/github/TheLabyrinth/Content/Sounds/Sir.ubulk" 258
"D:/github/TheLabyrinth/Content/Sounds/Sir.uasset" 259
"D:/github/TheLabyrinth/Content/Sounds/Sir.uexp" 260
"D:/github/TheLabyrinth/Content/ThirdPerson/Blueprints/BP_ThirdPersonCharacter.uasset" 261
"D:/github/TheLabyrinth/Content/ThirdPerson/Blueprints/BP_ThirdPersonCharacter.uexp" 262
"D:/github/TheLabyrinth/Content/Sounds/PistolShot.ubulk" 263
"D:/github/TheLabyrinth/Content/Sounds/PistolShot.uasset" 264
"D:/github/TheLabyrinth/Content/Sounds/PistolShot.uexp" 265
"../../../Engine/Content/BasicShapes/BasicShapeMaterial.uasset" 266
"../../../Engine/Content/BasicShapes/BasicShapeMaterial.uexp" 267
"D:/github/TheLabyrinth/Content/Blueprints/GuestDeadZone.uasset" 268
"D:/github/TheLabyrinth/Content/Blueprints/GuestDeadZone.uexp" 269
"D:/github/TheLabyrinth/Content/Blueprints/BaseGameMode.uasset" 270
"D:/github/TheLabyrinth/Content/Blueprints/BaseGameMode.uexp" 271
"../../../Engine/Content/EngineMaterials/DefaultMaterial.uasset" 272
"../../../Engine/Content/EngineMaterials/DefaultMaterial.uexp" 273
"../../../Engine/Content/BasicShapes/Sphere.ubulk" 274
"../../../Engine/Content/BasicShapes/Sphere.uasset" 275
"../../../Engine/Content/BasicShapes/Sphere.uexp" 276
"../../../Engine/Content/BasicShapes/Plane.ubulk" 277
"../../../Engine/Content/BasicShapes/Plane.uasset" 278
"../../../Engine/Content/BasicShapes/Plane.uexp" 279
"../../../Engine/Plugins/Runtime/MeshModelingToolset/Content/Materials/M_DynamicMeshComponentVtxColor.uasset" 280
"../../../Engine/Plugins/Runtime/MeshModelingToolset/Content/Materials/M_DynamicMeshComponentVtxColor.uexp" 281
"../../../Engine/Plugins/Interchange/Runtime/Content/Pipelines/DefaultTexturePipeline.uasset" 282
"../../../Engine/Plugins/Interchange/Runtime/Content/Pipelines/DefaultTexturePipeline.uexp" 283
"../../../Engine/Plugins/Interchange/Runtime/Content/Pipelines/DefaultSceneLevelPipeline.uasset" 284
"../../../Engine/Plugins/Interchange/Runtime/Content/Pipelines/DefaultSceneLevelPipeline.uexp" 285
"../../../Engine/Plugins/Interchange/Runtime/Content/Pipelines/DefaultSceneAssetsPipeline.uasset" 286
"../../../Engine/Plugins/Interchange/Runtime/Content/Pipelines/DefaultSceneAssetsPipeline.uexp" 287
"../../../Engine/Plugins/Interchange/Runtime/Content/Pipelines/DefaultMaterialPipeline.uasset" 288
"../../../Engine/Plugins/Interchange/Runtime/Content/Pipelines/DefaultMaterialPipeline.uexp" 289
"../../../Engine/Plugins/Interchange/Runtime/Content/Pipelines/DefaultAssetsPipeline.uasset" 290
"../../../Engine/Plugins/Interchange/Runtime/Content/Pipelines/DefaultAssetsPipeline.uexp" 291
"../../../Engine/Plugins/Editor/SpeedTreeImporter/Content/SpeedTree9/game_wind_noise.ubulk" 292
"../../../Engine/Plugins/Editor/SpeedTreeImporter/Content/SpeedTree9/game_wind_noise.uasset" 293
"../../../Engine/Plugins/Editor/SpeedTreeImporter/Content/SpeedTree9/game_wind_noise.uexp" 294
"../../../Engine/Plugins/Editor/SpeedTreeImporter/Content/SpeedTree9/UnpackDirection.uasset" 295
"../../../Engine/Plugins/Editor/SpeedTreeImporter/Content/SpeedTree9/UnpackDirection.uexp" 296
"../../../Engine/Content/Functions/Engine_MaterialFunctions02/ObjectLocalBounds.uasset" 297
"../../../Engine/Content/Functions/Engine_MaterialFunctions02/ObjectLocalBounds.uexp" 298
"../../../Engine/Content/Functions/Engine_MaterialFunctions02/Utility/BreakOutFloat3Components.uasset" 299
"../../../Engine/Content/Functions/Engine_MaterialFunctions02/Utility/BreakOutFloat3Components.uexp" 300
"../../../Engine/Content/Functions/Engine_MaterialFunctions02/UVs/BoundingBoxBased_0-1_UVW.uasset" 301
"../../../Engine/Content/Functions/Engine_MaterialFunctions02/UVs/BoundingBoxBased_0-1_UVW.uexp" 302
"../../../Engine/Content/Functions/Engine_MaterialFunctions02/Utility/VectorLength.uasset" 303
"../../../Engine/Content/Functions/Engine_MaterialFunctions02/Utility/VectorLength.uexp" 304
"../../../Engine/Plugins/Editor/SpeedTreeImporter/Content/SpeedTree9/UnpackInteger3.uasset" 305
"../../../Engine/Plugins/Editor/SpeedTreeImporter/Content/SpeedTree9/UnpackInteger3.uexp" 306
"../../../Engine/Plugins/Editor/SpeedTreeImporter/Content/SpeedTree9/SpeedTreeCameraFacing.uasset" 307
"../../../Engine/Plugins/Editor/SpeedTreeImporter/Content/SpeedTree9/SpeedTreeCameraFacing.uexp" 308
"../../../Engine/Content/Functions/Engine_MaterialFunctions02/WorldPositionOffset/ObjectScale.uasset" 309
"../../../Engine/Content/Functions/Engine_MaterialFunctions02/WorldPositionOffset/ObjectScale.uexp" 310
"../../../Engine/Content/Functions/Engine_MaterialFunctions02/SafeNormalize.uasset" 311
"../../../Engine/Content/Functions/Engine_MaterialFunctions02/SafeNormalize.uexp" 312
"../../../Engine/Plugins/Editor/SpeedTreeImporter/Content/SpeedTree9/SpeedTreeWindMotion.uasset" 313
"../../../Engine/Plugins/Editor/SpeedTreeImporter/Content/SpeedTree9/SpeedTreeWindMotion.uexp" 314
"../../../Engine/Plugins/Editor/SpeedTreeImporter/Content/SpeedTree9/SpeedTreeBranchMotion.uasset" 315
"../../../Engine/Plugins/Editor/SpeedTreeImporter/Content/SpeedTree9/SpeedTreeBranchMotion.uexp" 316
"../../../Engine/Plugins/Editor/SpeedTreeImporter/Content/SpeedTree9/SpeedTreeWind.uasset" 317
"../../../Engine/Plugins/Editor/SpeedTreeImporter/Content/SpeedTree9/SpeedTreeWind.uexp" 318
"../../../Engine/Plugins/Editor/SpeedTreeImporter/Content/SpeedTree9/EmptyNormal.uasset" 319
"../../../Engine/Plugins/Editor/SpeedTreeImporter/Content/SpeedTree9/EmptyNormal.uexp" 320
"../../../Engine/Plugins/Editor/SpeedTreeImporter/Content/SpeedTree9/Empty.uasset" 321
"../../../Engine/Plugins/Editor/SpeedTreeImporter/Content/SpeedTree9/Empty.uexp" 322
"../../../Engine/Plugins/Editor/SpeedTreeImporter/Content/SpeedTree9/SpeedTreeMaster.uasset" 323
"../../../Engine/Plugins/Editor/SpeedTreeImporter/Content/SpeedTree9/SpeedTreeMaster.uexp" 324
"../../../Engine/Plugins/Editor/SpeedTreeImporter/Content/SpeedTree9/SpeedTreeBillboard.uasset" 325
"../../../Engine/Plugins/Editor/SpeedTreeImporter/Content/SpeedTree9/SpeedTreeBillboard.uexp" 326
"../../../Engine/Plugins/Editor/SpeedTreeImporter/Content/SpeedTree9/SpeedTreeBillboardMaster.uasset" 327
"../../../Engine/Plugins/Editor/SpeedTreeImporter/Content/SpeedTree9/SpeedTreeBillboardMaster.uexp" 328
"../../../Engine/Plugins/Animation/ControlRig/Content/Controls/ControlRig_Wedge_solid.ubulk" 329
"../../../Engine/Plugins/Animation/ControlRig/Content/Controls/ControlRig_Wedge_solid.uasset" 330
"../../../Engine/Plugins/Animation/ControlRig/Content/Controls/ControlRig_Wedge_solid.uexp" 331
"../../../Engine/Plugins/Animation/ControlRig/Content/Controls/ControlRig_Wedge_3mm.ubulk" 332
"../../../Engine/Plugins/Animation/ControlRig/Content/Controls/ControlRig_Wedge_3mm.uasset" 333
"../../../Engine/Plugins/Animation/ControlRig/Content/Controls/ControlRig_Wedge_3mm.uexp" 334
"../../../Engine/Plugins/Animation/ControlRig/Content/Controls/ControlRig_Wedge_1mm.ubulk" 335
"../../../Engine/Plugins/Animation/ControlRig/Content/Controls/ControlRig_Wedge_1mm.uasset" 336
"../../../Engine/Plugins/Animation/ControlRig/Content/Controls/ControlRig_Wedge_1mm.uexp" 337
"../../../Engine/Plugins/Animation/ControlRig/Content/Controls/ControlRig_Triangle_solid.ubulk" 338
"../../../Engine/Plugins/Animation/ControlRig/Content/Controls/ControlRig_Triangle_solid.uasset" 339
"../../../Engine/Plugins/Animation/ControlRig/Content/Controls/ControlRig_Triangle_solid.uexp" 340
"../../../Engine/Plugins/Animation/ControlRig/Content/Controls/ControlRig_Triangle_3mm.ubulk" 341
"../../../Engine/Plugins/Animation/ControlRig/Content/Controls/ControlRig_Triangle_3mm.uasset" 342
"../../../Engine/Plugins/Animation/ControlRig/Content/Controls/ControlRig_Triangle_3mm.uexp" 343
"../../../Engine/Plugins/Animation/ControlRig/Content/Controls/ControlRig_Triangle_1mm.ubulk" 344
"../../../Engine/Plugins/Animation/ControlRig/Content/Controls/ControlRig_Triangle_1mm.uasset" 345
"../../../Engine/Plugins/Animation/ControlRig/Content/Controls/ControlRig_Triangle_1mm.uexp" 346
"../../../Engine/Plugins/Animation/ControlRig/Content/Controls/ControlRig_Star4_solid.ubulk" 347
"../../../Engine/Plugins/Animation/ControlRig/Content/Controls/ControlRig_Star4_solid.uasset" 348
"../../../Engine/Plugins/Animation/ControlRig/Content/Controls/ControlRig_Star4_solid.uexp" 349
"../../../Engine/Plugins/Animation/ControlRig/Content/Controls/ControlRig_Star4_3mm.ubulk" 350
"../../../Engine/Plugins/Animation/ControlRig/Content/Controls/ControlRig_Star4_3mm.uasset" 351
"../../../Engine/Plugins/Animation/ControlRig/Content/Controls/ControlRig_Star4_3mm.uexp" 352
"../../../Engine/Plugins/Animation/ControlRig/Content/Controls/ControlRig_Star4_1mm.ubulk" 353
"../../../Engine/Plugins/Animation/ControlRig/Content/Controls/ControlRig_Star4_1mm.uasset" 354
"../../../Engine/Plugins/Animation/ControlRig/Content/Controls/ControlRig_Star4_1mm.uexp" 355
"../../../Engine/Plugins/Animation/ControlRig/Content/Controls/ControlRig_Square_solid.ubulk" 356
"../../../Engine/Plugins/Animation/ControlRig/Content/Controls/ControlRig_Square_solid.uasset" 357
"../../../Engine/Plugins/Animation/ControlRig/Content/Controls/ControlRig_Square_solid.uexp" 358
"../../../Engine/Plugins/Animation/ControlRig/Content/Controls/ControlRig_Square_3mm.ubulk" 359
"../../../Engine/Plugins/Animation/ControlRig/Content/Controls/ControlRig_Square_3mm.uasset" 360
"../../../Engine/Plugins/Animation/ControlRig/Content/Controls/ControlRig_Square_3mm.uexp" 361
"../../../Engine/Plugins/Animation/ControlRig/Content/Controls/ControlRig_Square_1mm.ubulk" 362
"../../../Engine/Plugins/Animation/ControlRig/Content/Controls/ControlRig_Square_1mm.uasset" 363
"../../../Engine/Plugins/Animation/ControlRig/Content/Controls/ControlRig_Square_1mm.uexp" 364
"../../../Engine/Plugins/Animation/ControlRig/Content/Controls/ControlRig_Sphere_solid.ubulk" 365
"../../../Engine/Plugins/Animation/ControlRig/Content/Controls/ControlRig_Sphere_solid.uasset" 366
"../../../Engine/Plugins/Animation/ControlRig/Content/Controls/ControlRig_Sphere_solid.uexp" 367
"../../../Engine/Plugins/Animation/ControlRig/Content/Controls/ControlRig_Sphere_3mm.ubulk" 368
"../../../Engine/Plugins/Animation/ControlRig/Content/Controls/ControlRig_Sphere_3mm.uasset" 369
"../../../Engine/Plugins/Animation/ControlRig/Content/Controls/ControlRig_Sphere_3mm.uexp" 370
"../../../Engine/Plugins/Animation/ControlRig/Content/Controls/ControlRig_Sphere_1mm.ubulk" 371
"../../../Engine/Plugins/Animation/ControlRig/Content/Controls/ControlRig_Sphere_1mm.uasset" 372
"../../../Engine/Plugins/Animation/ControlRig/Content/Controls/ControlRig_Sphere_1mm.uexp" 373
"../../../Engine/Plugins/Animation/ControlRig/Content/Controls/ControlRig_RoundedTriangle_solid.ubulk" 374
"../../../Engine/Plugins/Animation/ControlRig/Content/Controls/ControlRig_RoundedTriangle_solid.uasset" 375
"../../../Engine/Plugins/Animation/ControlRig/Content/Controls/ControlRig_RoundedTriangle_solid.uexp" 376
"../../../Engine/Plugins/Animation/ControlRig/Content/Controls/ControlRig_RoundedTriangle_3mm.ubulk" 377
"../../../Engine/Plugins/Animation/ControlRig/Content/Controls/ControlRig_RoundedTriangle_3mm.uasset" 378
"../../../Engine/Plugins/Animation/ControlRig/Content/Controls/ControlRig_RoundedTriangle_3mm.uexp" 379
"../../../Engine/Plugins/Animation/ControlRig/Content/Controls/ControlRig_RoundedTriangle_1mm.ubulk" 380
"../../../Engine/Plugins/Animation/ControlRig/Content/Controls/ControlRig_RoundedTriangle_1mm.uasset" 381
"../../../Engine/Plugins/Animation/ControlRig/Content/Controls/ControlRig_RoundedTriangle_1mm.uexp" 382
"../../../Engine/Plugins/Animation/ControlRig/Content/Controls/ControlRig_RoundedSquare_solid.ubulk" 383
"../../../Engine/Plugins/Animation/ControlRig/Content/Controls/ControlRig_RoundedSquare_solid.uasset" 384
"../../../Engine/Plugins/Animation/ControlRig/Content/Controls/ControlRig_RoundedSquare_solid.uexp" 385
"../../../Engine/Plugins/Animation/ControlRig/Content/Controls/ControlRig_RoundedSquare_3mm.ubulk" 386
"../../../Engine/Plugins/Animation/ControlRig/Content/Controls/ControlRig_RoundedSquare_3mm.uasset" 387
"../../../Engine/Plugins/Animation/ControlRig/Content/Controls/ControlRig_RoundedSquare_3mm.uexp" 388
"../../../Engine/Plugins/Animation/ControlRig/Content/Controls/ControlRig_RoundedSquare_1mm.ubulk" 389
"../../../Engine/Plugins/Animation/ControlRig/Content/Controls/ControlRig_RoundedSquare_1mm.uasset" 390
"../../../Engine/Plugins/Animation/ControlRig/Content/Controls/ControlRig_RoundedSquare_1mm.uexp" 391
"../../../Engine/Plugins/Animation/ControlRig/Content/Controls/ControlRig_QuarterCircle_solid.ubulk" 392
"../../../Engine/Plugins/Animation/ControlRig/Content/Controls/ControlRig_QuarterCircle_solid.uasset" 393
"../../../Engine/Plugins/Animation/ControlRig/Content/Controls/ControlRig_QuarterCircle_solid.uexp" 394
"../../../Engine/Plugins/Animation/ControlRig/Content/Controls/ControlRig_QuarterCircle_3mm.ubulk" 395
"../../../Engine/Plugins/Animation/ControlRig/Content/Controls/ControlRig_QuarterCircle_3mm.uasset" 396
"../../../Engine/Plugins/Animation/ControlRig/Content/Controls/ControlRig_QuarterCircle_3mm.uexp" 397
"../../../Engine/Plugins/Animation/ControlRig/Content/Controls/ControlRig_QuarterCircle_1mm.ubulk" 398
"../../../Engine/Plugins/Animation/ControlRig/Content/Controls/ControlRig_QuarterCircle_1mm.uasset" 399
"../../../Engine/Plugins/Animation/ControlRig/Content/Controls/ControlRig_QuarterCircle_1mm.uexp" 400
"../../../Engine/Plugins/Animation/ControlRig/Content/Controls/ControlRig_Pyramid_solid.ubulk" 401
"../../../Engine/Plugins/Animation/ControlRig/Content/Controls/ControlRig_Pyramid_solid.uasset" 402
"../../../Engine/Plugins/Animation/ControlRig/Content/Controls/ControlRig_Pyramid_solid.uexp" 403
"../../../Engine/Plugins/Animation/ControlRig/Content/Controls/ControlRig_Pyramid_3mm.ubulk" 404
"../../../Engine/Plugins/Animation/ControlRig/Content/Controls/ControlRig_Pyramid_3mm.uasset" 405
"../../../Engine/Plugins/Animation/ControlRig/Content/Controls/ControlRig_Pyramid_3mm.uexp" 406
"../../../Engine/Plugins/Animation/ControlRig/Content/Controls/ControlRig_Pyramid_1mm.ubulk" 407
"../../../Engine/Plugins/Animation/ControlRig/Content/Controls/ControlRig_Pyramid_1mm.uasset" 408
"../../../Engine/Plugins/Animation/ControlRig/Content/Controls/ControlRig_Pyramid_1mm.uexp" 409
"../../../Engine/Plugins/Animation/ControlRig/Content/Controls/ControlRig_Octagon_solid.ubulk" 410
"../../../Engine/Plugins/Animation/ControlRig/Content/Controls/ControlRig_Octagon_solid.uasset" 411
"../../../Engine/Plugins/Animation/ControlRig/Content/Controls/ControlRig_Octagon_solid.uexp" 412
"../../../Engine/Plugins/Animation/ControlRig/Content/Controls/ControlRig_Octagon_3mm.ubulk" 413
"../../../Engine/Plugins/Animation/ControlRig/Content/Controls/ControlRig_Octagon_3mm.uasset" 414
"../../../Engine/Plugins/Animation/ControlRig/Content/Controls/ControlRig_Octagon_3mm.uexp" 415
"../../../Engine/Plugins/Animation/ControlRig/Content/Controls/ControlRig_Octagon_1mm.ubulk" 416
"../../../Engine/Plugins/Animation/ControlRig/Content/Controls/ControlRig_Octagon_1mm.uasset" 417
"../../../Engine/Plugins/Animation/ControlRig/Content/Controls/ControlRig_Octagon_1mm.uexp" 418
"../../../Engine/Plugins/Animation/ControlRig/Content/Controls/ControlRig_Hexagon_solid.ubulk" 419
"../../../Engine/Plugins/Animation/ControlRig/Content/Controls/ControlRig_Hexagon_solid.uasset" 420
"../../../Engine/Plugins/Animation/ControlRig/Content/Controls/ControlRig_Hexagon_solid.uexp" 421
"../../../Engine/Plugins/Animation/ControlRig/Content/Controls/ControlRig_Hexagon_3mm.ubulk" 422
"../../../Engine/Plugins/Animation/ControlRig/Content/Controls/ControlRig_Hexagon_3mm.uasset" 423
"../../../Engine/Plugins/Animation/ControlRig/Content/Controls/ControlRig_Hexagon_3mm.uexp" 424
"../../../Engine/Plugins/Animation/ControlRig/Content/Controls/ControlRig_Hexagon_1mm.ubulk" 425
"../../../Engine/Plugins/Animation/ControlRig/Content/Controls/ControlRig_Hexagon_1mm.uasset" 426
"../../../Engine/Plugins/Animation/ControlRig/Content/Controls/ControlRig_Hexagon_1mm.uexp" 427
"../../../Engine/Plugins/Animation/ControlRig/Content/Controls/ControlRig_HalfCircle_solid.ubulk" 428
"../../../Engine/Plugins/Animation/ControlRig/Content/Controls/ControlRig_HalfCircle_solid.uasset" 429
"../../../Engine/Plugins/Animation/ControlRig/Content/Controls/ControlRig_HalfCircle_solid.uexp" 430
"../../../Engine/Plugins/Animation/ControlRig/Content/Controls/ControlRig_HalfCircle_3mm.ubulk" 431
"../../../Engine/Plugins/Animation/ControlRig/Content/Controls/ControlRig_HalfCircle_3mm.uasset" 432
"../../../Engine/Plugins/Animation/ControlRig/Content/Controls/ControlRig_HalfCircle_3mm.uexp" 433
"../../../Engine/Plugins/Animation/ControlRig/Content/Controls/ControlRig_HalfCircle_1mm.ubulk" 434
"../../../Engine/Plugins/Animation/ControlRig/Content/Controls/ControlRig_HalfCircle_1mm.uasset" 435
"../../../Engine/Plugins/Animation/ControlRig/Content/Controls/ControlRig_HalfCircle_1mm.uexp" 436
"../../../Engine/Plugins/Animation/ControlRig/Content/Controls/ControlRig_Diamond_solid.ubulk" 437
"../../../Engine/Plugins/Animation/ControlRig/Content/Controls/ControlRig_Diamond_solid.uasset" 438
"../../../Engine/Plugins/Animation/ControlRig/Content/Controls/ControlRig_Diamond_solid.uexp" 439
"../../../Engine/Plugins/Animation/ControlRig/Content/Controls/ControlRig_Diamond_3mm.ubulk" 440
"../../../Engine/Plugins/Animation/ControlRig/Content/Controls/ControlRig_Diamond_3mm.uasset" 441
"../../../Engine/Plugins/Animation/ControlRig/Content/Controls/ControlRig_Diamond_3mm.uexp" 442
"../../../Engine/Plugins/Animation/ControlRig/Content/Controls/ControlRig_Diamond_1mm.ubulk" 443
"../../../Engine/Plugins/Animation/ControlRig/Content/Controls/ControlRig_Diamond_1mm.uasset" 444
"../../../Engine/Plugins/Animation/ControlRig/Content/Controls/ControlRig_Diamond_1mm.uexp" 445
"../../../Engine/Plugins/Animation/ControlRig/Content/Controls/ControlRig_Circle_solid.ubulk" 446
"../../../Engine/Plugins/Animation/ControlRig/Content/Controls/ControlRig_Circle_solid.uasset" 447
"../../../Engine/Plugins/Animation/ControlRig/Content/Controls/ControlRig_Circle_solid.uexp" 448
"../../../Engine/Plugins/Animation/ControlRig/Content/Controls/ControlRig_Circle_3mm.ubulk" 449
"../../../Engine/Plugins/Animation/ControlRig/Content/Controls/ControlRig_Circle_3mm.uasset" 450
"../../../Engine/Plugins/Animation/ControlRig/Content/Controls/ControlRig_Circle_3mm.uexp" 451
"../../../Engine/Plugins/Animation/ControlRig/Content/Controls/ControlRig_Circle_1mm.ubulk" 452
"../../../Engine/Plugins/Animation/ControlRig/Content/Controls/ControlRig_Circle_1mm.uasset" 453
"../../../Engine/Plugins/Animation/ControlRig/Content/Controls/ControlRig_Circle_1mm.uexp" 454
"../../../Engine/Plugins/Animation/ControlRig/Content/Controls/ControlRig_Box_solid.ubulk" 455
"../../../Engine/Plugins/Animation/ControlRig/Content/Controls/ControlRig_Box_solid.uasset" 456
"../../../Engine/Plugins/Animation/ControlRig/Content/Controls/ControlRig_Box_solid.uexp" 457
"../../../Engine/Plugins/Animation/ControlRig/Content/Controls/ControlRig_Box_3mm.ubulk" 458
"../../../Engine/Plugins/Animation/ControlRig/Content/Controls/ControlRig_Box_3mm.uasset" 459
"../../../Engine/Plugins/Animation/ControlRig/Content/Controls/ControlRig_Box_3mm.uexp" 460
"../../../Engine/Plugins/Animation/ControlRig/Content/Controls/ControlRig_Box_1mm.ubulk" 461
"../../../Engine/Plugins/Animation/ControlRig/Content/Controls/ControlRig_Box_1mm.uasset" 462
"../../../Engine/Plugins/Animation/ControlRig/Content/Controls/ControlRig_Box_1mm.uexp" 463
"../../../Engine/Plugins/Animation/ControlRig/Content/Controls/ControlRig_Arrow_solid.ubulk" 464
"../../../Engine/Plugins/Animation/ControlRig/Content/Controls/ControlRig_Arrow_solid.uasset" 465
"../../../Engine/Plugins/Animation/ControlRig/Content/Controls/ControlRig_Arrow_solid.uexp" 466
"../../../Engine/Plugins/Animation/ControlRig/Content/Controls/ControlRig_Arrow_3mm.ubulk" 467
"../../../Engine/Plugins/Animation/ControlRig/Content/Controls/ControlRig_Arrow_3mm.uasset" 468
"../../../Engine/Plugins/Animation/ControlRig/Content/Controls/ControlRig_Arrow_3mm.uexp" 469
"../../../Engine/Plugins/Animation/ControlRig/Content/Controls/ControlRig_Arrow_1mm.ubulk" 470
"../../../Engine/Plugins/Animation/ControlRig/Content/Controls/ControlRig_Arrow_1mm.uasset" 471
"../../../Engine/Plugins/Animation/ControlRig/Content/Controls/ControlRig_Arrow_1mm.uexp" 472
"../../../Engine/Plugins/Animation/ControlRig/Content/Controls/ControlRig_Arrow4_solid.ubulk" 473
"../../../Engine/Plugins/Animation/ControlRig/Content/Controls/ControlRig_Arrow4_solid.uasset" 474
"../../../Engine/Plugins/Animation/ControlRig/Content/Controls/ControlRig_Arrow4_solid.uexp" 475
"../../../Engine/Plugins/Animation/ControlRig/Content/Controls/ControlRig_Arrow4_3mm.ubulk" 476
"../../../Engine/Plugins/Animation/ControlRig/Content/Controls/ControlRig_Arrow4_3mm.uasset" 477
"../../../Engine/Plugins/Animation/ControlRig/Content/Controls/ControlRig_Arrow4_3mm.uexp" 478
"../../../Engine/Plugins/Animation/ControlRig/Content/Controls/ControlRig_Arrow4_1mm.ubulk" 479
"../../../Engine/Plugins/Animation/ControlRig/Content/Controls/ControlRig_Arrow4_1mm.uasset" 480
"../../../Engine/Plugins/Animation/ControlRig/Content/Controls/ControlRig_Arrow4_1mm.uexp" 481
"../../../Engine/Plugins/Animation/ControlRig/Content/Controls/ControlRig_Arrow2_solid.ubulk" 482
"../../../Engine/Plugins/Animation/ControlRig/Content/Controls/ControlRig_Arrow2_solid.uasset" 483
"../../../Engine/Plugins/Animation/ControlRig/Content/Controls/ControlRig_Arrow2_solid.uexp" 484
"../../../Engine/Plugins/Animation/ControlRig/Content/Controls/ControlRig_Arrow2_3mm.ubulk" 485
"../../../Engine/Plugins/Animation/ControlRig/Content/Controls/ControlRig_Arrow2_3mm.uasset" 486
"../../../Engine/Plugins/Animation/ControlRig/Content/Controls/ControlRig_Arrow2_3mm.uexp" 487
"../../../Engine/Plugins/Animation/ControlRig/Content/Controls/ControlRig_Arrow2_1mm.ubulk" 488
"../../../Engine/Plugins/Animation/ControlRig/Content/Controls/ControlRig_Arrow2_1mm.uasset" 489
"../../../Engine/Plugins/Animation/ControlRig/Content/Controls/ControlRig_Arrow2_1mm.uexp" 490
"../../../Engine/Plugins/Animation/ControlRig/Content/Controls/ControlRigXRayMaterial.uasset" 491
"../../../Engine/Plugins/Animation/ControlRig/Content/Controls/ControlRigXRayMaterial.uexp" 492
"../../../Engine/Plugins/Animation/ControlRig/Content/Controls/ControlRigGizmoMaterial.uasset" 493
"../../../Engine/Plugins/Animation/ControlRig/Content/Controls/ControlRigGizmoMaterial.uexp" 494
"../../../Engine/Content/EngineSounds/Master.uasset" 495
"../../../Engine/Content/EngineSounds/Master.uexp" 496
"../../../Engine/Content/EngineSky/T_Sky_Stars.ubulk" 497
"../../../Engine/Content/EngineSky/T_Sky_Stars.uasset" 498
"../../../Engine/Content/EngineSky/T_Sky_Stars.uexp" 499
"../../../Engine/Content/EngineSky/T_Sky_Clouds_M.ubulk" 500
"../../../Engine/Content/EngineSky/T_Sky_Clouds_M.uasset" 501
"../../../Engine/Content/EngineSky/T_Sky_Clouds_M.uexp" 502
"../../../Engine/Content/EngineSky/T_Sky_Blue.ubulk" 503
"../../../Engine/Content/EngineSky/T_Sky_Blue.uasset" 504
"../../../Engine/Content/EngineSky/T_Sky_Blue.uexp" 505
"../../../Engine/Content/EngineSky/M_Sky_Panning_Clouds2.uasset" 506
"../../../Engine/Content/EngineSky/M_Sky_Panning_Clouds2.uexp" 507
"../../../Engine/Content/EngineSky/SM_SkySphere.ubulk" 508
"../../../Engine/Content/EngineSky/SM_SkySphere.uasset" 509
"../../../Engine/Content/EngineSky/SM_SkySphere.uexp" 510
"../../../Engine/Content/EngineSky/M_SimpleSkyDome.uasset" 511
"../../../Engine/Content/EngineSky/M_SimpleSkyDome.uexp" 512
"../../../Engine/Content/EngineResources/WhiteSquareTexture.uasset" 513
"../../../Engine/Content/EngineResources/WhiteSquareTexture.uexp" 514
"../../../Engine/Content/EngineMaterials/Widget3DPassThrough.uasset" 515
"../../../Engine/Content/EngineMaterials/Widget3DPassThrough.uexp" 516
"../../../Engine/Content/EngineMaterials/Widget3DPassThrough_Translucent.uasset" 517
"../../../Engine/Content/EngineMaterials/Widget3DPassThrough_Translucent.uexp" 518
"../../../Engine/Content/EngineMaterials/Widget3DPassThrough_Translucent_OneSided.uasset" 519
"../../../Engine/Content/EngineMaterials/Widget3DPassThrough_Translucent_OneSided.uexp" 520
"../../../Engine/Content/EngineMaterials/Widget3DPassThrough_Opaque.uasset" 521
"../../../Engine/Content/EngineMaterials/Widget3DPassThrough_Opaque.uexp" 522
"../../../Engine/Content/EngineMaterials/Widget3DPassThrough_Opaque_OneSided.uasset" 523
"../../../Engine/Content/EngineMaterials/Widget3DPassThrough_Opaque_OneSided.uexp" 524
"../../../Engine/Content/EngineMaterials/Widget3DPassThrough_Masked_OneSided.uasset" 525
"../../../Engine/Content/EngineMaterials/Widget3DPassThrough_Masked_OneSided.uexp" 526
"../../../Engine/Content/EngineMaterials/Widget3DPassThrough_Masked.uasset" 527
"../../../Engine/Content/EngineMaterials/Widget3DPassThrough_Masked.uexp" 528
"../../../Engine/Content/EngineMaterials/STBlueNoise_vec2_128x128x64.uasset" 529
"../../../Engine/Content/EngineMaterials/STBlueNoise_vec2_128x128x64.uexp" 530
"../../../Engine/Content/EngineMaterials/STBlueNoise_scalar_128x128x64.uasset" 531
"../../../Engine/Content/EngineMaterials/STBlueNoise_scalar_128x128x64.uexp" 532
"../../../Engine/Content/EngineMaterials/RemoveSurfaceMaterial.uasset" 533
"../../../Engine/Content/EngineMaterials/RemoveSurfaceMaterial.uexp" 534
"../../../Engine/Content/EngineMaterials/DefaultCalibrationGrayscale.uasset" 535
"../../../Engine/Content/EngineMaterials/DefaultCalibrationGrayscale.uexp" 536
"../../../Engine/Content/EngineMaterials/PPM_DefaultCalibrationGrayscale.uasset" 537
"../../../Engine/Content/EngineMaterials/PPM_DefaultCalibrationGrayscale.uexp" 538
"../../../Engine/Content/EngineMaterials/DefaultCalibrationColor.uasset" 539
"../../../Engine/Content/EngineMaterials/DefaultCalibrationColor.uexp" 540
"../../../Engine/Content/EngineMaterials/PPM_DefaultCalibrationColor.uasset" 541
"../../../Engine/Content/EngineMaterials/PPM_DefaultCalibrationColor.uexp" 542
"../../../Engine/Content/EngineMaterials/PhAT_JointLimitMaterial.uasset" 543
"../../../Engine/Content/EngineMaterials/PhAT_JointLimitMaterial.uexp" 544
"../../../Engine/Content/EngineMaterials/NaniteHiddenSectionMaterial.uasset" 545
"../../../Engine/Content/EngineMaterials/NaniteHiddenSectionMaterial.uexp" 546
"../../../Engine/Content/EngineMaterials/InvalidLightmapSettings.ubulk" 547
"../../../Engine/Content/EngineMaterials/InvalidLightmapSettings.uasset" 548
"../../../Engine/Content/EngineMaterials/InvalidLightmapSettings.uexp" 549
"../../../Engine/Content/EngineMaterials/M_InvalidLightmapSettings.uasset" 550
"../../../Engine/Content/EngineMaterials/M_InvalidLightmapSettings.uexp" 551
"../../../Engine/Content/EngineMaterials/GizmoMaterial.uasset" 552
"../../../Engine/Content/EngineMaterials/GizmoMaterial.uexp" 553
"../../../Engine/Content/EngineMaterials/BaseFlattenEmissiveMap_VT.uasset" 554
"../../../Engine/Content/EngineMaterials/BaseFlattenEmissiveMap_VT.uexp" 555
"../../../Engine/Content/EngineMaterials/BaseFlattenGrayscaleMap_VT.uasset" 556
"../../../Engine/Content/EngineMaterials/BaseFlattenGrayscaleMap_VT.uexp" 557
"../../../Engine/Content/EngineMaterials/BaseFlattenLinearColor_VT.uasset" 558
"../../../Engine/Content/EngineMaterials/BaseFlattenLinearColor_VT.uexp" 559
"../../../Engine/Content/EngineMaterials/Black_1x1_EXR_Texture_VT.uasset" 560
"../../../Engine/Content/EngineMaterials/Black_1x1_EXR_Texture_VT.uexp" 561
"../../../Engine/Content/EngineMaterials/BaseFlattenDiffuseMap_VT.uasset" 562
"../../../Engine/Content/EngineMaterials/BaseFlattenDiffuseMap_VT.uexp" 563
"../../../Engine/Content/EngineMaterials/BaseFlattenNormalMap_VT.uasset" 564
"../../../Engine/Content/EngineMaterials/BaseFlattenNormalMap_VT.uexp" 565
"../../../Engine/Content/EngineMaterials/FlattenMaterial_WS_Normal_VT.uasset" 566
"../../../Engine/Content/EngineMaterials/FlattenMaterial_WS_Normal_VT.uexp" 567
"../../../Engine/Content/EngineMaterials/FlattenMaterial_VT.uasset" 568
"../../../Engine/Content/EngineMaterials/FlattenMaterial_VT.uexp" 569
"../../../Engine/Content/EngineMaterials/BaseFlattenNormalMap.uasset" 570
"../../../Engine/Content/EngineMaterials/BaseFlattenNormalMap.uexp" 571
"../../../Engine/Content/EngineMaterials/BaseFlattenGrayscaleMap.uasset" 572
"../../../Engine/Content/EngineMaterials/BaseFlattenGrayscaleMap.uexp" 573
"../../../Engine/Content/EngineMaterials/BaseFlattenDiffuseMap.uasset" 574
"../../../Engine/Content/EngineMaterials/BaseFlattenDiffuseMap.uexp" 575
"../../../Engine/Content/Functions/Engine_MaterialFunctions02/PivotPainter2/Black_1x1_EXR_Texture.uasset" 576
"../../../Engine/Content/Functions/Engine_MaterialFunctions02/PivotPainter2/Black_1x1_EXR_Texture.uexp" 577
"../../../Engine/Content/EngineMaterials/BaseFlattenEmissiveMap.uasset" 578
"../../../Engine/Content/EngineMaterials/BaseFlattenEmissiveMap.uexp" 579
"../../../Engine/Content/EngineMaterials/BaseFlattenLinearColor.uasset" 580
"../../../Engine/Content/EngineMaterials/BaseFlattenLinearColor.uexp" 581
"../../../Engine/Content/EngineMaterials/FlattenMaterial.uasset" 582
"../../../Engine/Content/EngineMaterials/FlattenMaterial.uexp" 583
"../../../Engine/Content/EngineMaterials/DefaultWhiteGrid_Low.uasset" 584
"../../../Engine/Content/EngineMaterials/DefaultWhiteGrid_Low.uexp" 585
"../../../Engine/Content/EngineMaterials/EmissiveMeshMaterial.uasset" 586
"../../../Engine/Content/EngineMaterials/EmissiveMeshMaterial.uexp" 587
"../../../Engine/Content/EngineFonts/RobotoDistanceField.uasset" 588
"../../../Engine/Content/EngineFonts/RobotoDistanceField.uexp" 589
"../../../Engine/Content/EngineMaterials/DefaultTextMaterialOpaque.uasset" 590
"../../../Engine/Content/EngineMaterials/DefaultTextMaterialOpaque.uexp" 591
"../../../Engine/Content/EngineMaterials/DefaultDiffuse.ubulk" 592
"../../../Engine/Content/EngineMaterials/DefaultDiffuse.uasset" 593
"../../../Engine/Content/EngineMaterials/DefaultDiffuse.uexp" 594
"../../../Engine/Content/Functions/Engine_MaterialFunctions02/Utility/BreakOutFloat2Components.uasset" 595
"../../../Engine/Content/Functions/Engine_MaterialFunctions02/Utility/BreakOutFloat2Components.uexp" 596
"../../../Engine/Content/EngineMaterials/DefaultPostProcessMaterial.uasset" 597
"../../../Engine/Content/EngineMaterials/DefaultPostProcessMaterial.uexp" 598
"../../../Engine/Content/EngineMaterials/DefaultPhysicalMaterial.uasset" 599
"../../../Engine/Content/EngineMaterials/DefaultPhysicalMaterial.uexp" 600
"../../../Engine/Content/EngineMaterials/DefaultLightFunctionMaterial.uasset" 601
"../../../Engine/Content/EngineMaterials/DefaultLightFunctionMaterial.uexp" 602
"../../../Engine/Content/EngineMaterials/DefaultDestructiblePhysicalMaterial.uasset" 603
"../../../Engine/Content/EngineMaterials/DefaultDestructiblePhysicalMaterial.uexp" 604
"../../../Engine/Content/EngineMaterials/DefaultDeferredDecalMaterial.uasset" 605
"../../../Engine/Content/EngineMaterials/DefaultDeferredDecalMaterial.uexp" 606
"../../../Engine/Content/EngineMaterials/DefaultBloomKernel.uasset" 607
"../../../Engine/Content/EngineMaterials/DefaultBloomKernel.uexp" 608
"../../../Engine/Content/EngineFonts/Faces/RobotoLight.uexp" 609
"../../../Engine/Content/EngineFonts/Faces/RobotoLight.uasset" 610
"../../../Engine/Content/EngineFonts/Faces/RobotoLight.ufont" 611
"../../../Engine/Content/EngineFonts/Faces/RobotoBold.uexp" 612
"../../../Engine/Content/EngineFonts/Faces/RobotoBold.uasset" 613
"../../../Engine/Content/EngineFonts/Faces/RobotoBold.ufont" 614
"../../../Engine/Content/EngineFonts/Faces/RobotoRegular.uexp" 615
"../../../Engine/Content/EngineFonts/Faces/RobotoRegular.uasset" 616
"../../../Engine/Content/EngineFonts/Faces/RobotoRegular.ufont" 617
"../../../Engine/Content/EngineFonts/Faces/DroidSansFallback.uexp" 618
"../../../Engine/Content/EngineFonts/Faces/DroidSansFallback.uasset" 619
"../../../Engine/Content/EngineFonts/Faces/DroidSansFallback.ufont" 620
"../../../Engine/Content/EngineFonts/Faces/RobotoItalic.uexp" 621
"../../../Engine/Content/EngineFonts/Faces/RobotoItalic.uasset" 622
"../../../Engine/Content/EngineFonts/Faces/RobotoItalic.ufont" 623
"../../../Engine/Content/EngineFonts/Faces/RobotoBoldItalic.uexp" 624
"../../../Engine/Content/EngineFonts/Faces/RobotoBoldItalic.uasset" 625
"../../../Engine/Content/EngineFonts/Faces/RobotoBoldItalic.ufont" 626
"../../../Engine/Content/EngineFonts/Roboto.uasset" 627
"../../../Engine/Content/EngineFonts/Roboto.uexp" 628
"../../../Engine/Content/Functions/Engine_MaterialFunctions02/Utility/CameraDirectionVector.uasset" 629
"../../../Engine/Content/Functions/Engine_MaterialFunctions02/Utility/CameraDirectionVector.uexp" 630
"../../../Engine/Content/EngineDebugMaterials/VolumeToRender.uasset" 631
"../../../Engine/Content/EngineDebugMaterials/VolumeToRender.uexp" 632
"../../../Engine/Content/EngineDebugMaterials/M_VolumeRenderSphereTracePP.uasset" 633
"../../../Engine/Content/EngineDebugMaterials/M_VolumeRenderSphereTracePP.uexp" 634
"../../../Engine/Content/EngineDebugMaterials/M_SimpleUnlitTranslucent.uasset" 635
"../../../Engine/Content/EngineDebugMaterials/M_SimpleUnlitTranslucent.uexp" 636
"../../../Engine/Content/EngineDebugMaterials/DebugMeshMaterial.uasset" 637
"../../../Engine/Content/EngineDebugMaterials/DebugMeshMaterial.uexp" 638
"../../../Engine/Content/EngineDebugMaterials/DebugEditorMaterial.uasset" 639
"../../../Engine/Content/EngineDebugMaterials/DebugEditorMaterial.uexp" 640
"../../../Engine/Content/EngineDamageTypes/DmgTypeBP_Environmental.uasset" 641
"../../../Engine/Content/EngineDamageTypes/DmgTypeBP_Environmental.uexp" 642
"../../../Engine/Content/EditorResources/S_Terrain.ubulk" 643
"../../../Engine/Content/EditorResources/S_Terrain.uasset" 644
"../../../Engine/Content/EditorResources/S_Terrain.uexp" 645
"../../../Engine/Content/EditorResources/EmptyActor.uasset" 646
"../../../Engine/Content/EditorResources/EmptyActor.uexp" 647
"../../../Engine/Content/EditorResources/BSPVertex.uasset" 648
"../../../Engine/Content/EditorResources/BSPVertex.uexp" 649
"../../../Engine/Content/EditorMaterials/PreviewShadowIndicator.ubulk" 650
"../../../Engine/Content/EditorMaterials/PreviewShadowIndicator.uasset" 651
"../../../Engine/Content/EditorMaterials/PreviewShadowIndicator.uexp" 652
"../../../Engine/Content/EditorMaterials/PreviewShadowIndicatorMaterial.uasset" 653
"../../../Engine/Content/EditorMaterials/PreviewShadowIndicatorMaterial.uexp" 654
"../../../Engine/Content/EditorMaterials/PhAT_UnselectedMaterial.uasset" 655
"../../../Engine/Content/EditorMaterials/PhAT_UnselectedMaterial.uexp" 656
"../../../Engine/Content/EditorMaterials/PhAT_NoCollisionMaterial.uasset" 657
"../../../Engine/Content/EditorMaterials/PhAT_NoCollisionMaterial.uexp" 658
"../../../Engine/Content/EditorLandscapeResources/DefaultAlphaTexture.uasset" 659
"../../../Engine/Content/EditorLandscapeResources/DefaultAlphaTexture.uexp" 660
"../../../Engine/Content/EditorLandscapeResources/DataLayer.uasset" 661
"../../../Engine/Content/EditorLandscapeResources/DataLayer.uexp" 662
"../../../Engine/Content/BasicShapes/Cylinder.ubulk" 663
"../../../Engine/Content/BasicShapes/Cylinder.uasset" 664
"../../../Engine/Content/BasicShapes/Cylinder.uexp" 665
"../../../Engine/Content/BasicShapes/Cone.ubulk" 666
"../../../Engine/Content/BasicShapes/Cone.uasset" 667
"../../../Engine/Content/BasicShapes/Cone.uexp" 668
"D:/github/TheLabyrinth/Content/Meshes/Emissive_PURPLE.uasset" 669
"D:/github/TheLabyrinth/Content/Meshes/Emissive_PURPLE.uexp" 670
"D:/github/TheLabyrinth/Content/Meshes/Guest/CPP_cavity.ubulk" 671
"D:/github/TheLabyrinth/Content/Meshes/Guest/CPP_cavity.uasset" 672
"D:/github/TheLabyrinth/Content/Meshes/Guest/CPP_cavity.uexp" 673
"D:/github/TheLabyrinth/Content/Meshes/Guest/CPD_translucency.ubulk" 674
"D:/github/TheLabyrinth/Content/Meshes/Guest/CPD_translucency.uasset" 675
"D:/github/TheLabyrinth/Content/Meshes/Guest/CPD_translucency.uexp" 676
"D:/github/TheLabyrinth/Content/Meshes/Guest/CPD_scattering.ubulk" 677
"D:/github/TheLabyrinth/Content/Meshes/Guest/CPD_scattering.uasset" 678
"D:/github/TheLabyrinth/Content/Meshes/Guest/CPD_scattering.uexp" 679
"D:/github/TheLabyrinth/Content/Meshes/Guest/CPD_Cavity.ubulk" 680
"D:/github/TheLabyrinth/Content/Meshes/Guest/CPD_Cavity.uasset" 681
"D:/github/TheLabyrinth/Content/Meshes/Guest/CPD_Cavity.uexp" 682
"D:/github/TheLabyrinth/Content/Meshes/Door/Door.ubulk" 683
"D:/github/TheLabyrinth/Content/Meshes/Door/Door.uasset" 684
"D:/github/TheLabyrinth/Content/Meshes/Door/Door.uexp" 685
"../../../Engine/Content/MobileResources/HUD/VirtualJoystick_Background.uasset" 686
"../../../Engine/Content/MobileResources/HUD/VirtualJoystick_Background.uexp" 687
"../../../Engine/Content/MobileResources/HUD/VirtualJoystick_Thumb.uasset" 688
"../../../Engine/Content/MobileResources/HUD/VirtualJoystick_Thumb.uexp" 689
"../../../Engine/Content/MobileResources/HUD/DefaultVirtualJoysticks.uasset" 690
"../../../Engine/Content/MobileResources/HUD/DefaultVirtualJoysticks.uexp" 691
"../../../Engine/Content/Maps/Templates/HLODs/HLODLayer_Merged.uasset" 692
"../../../Engine/Content/Maps/Templates/HLODs/HLODLayer_Merged.uexp" 693
"../../../Engine/Content/Functions/Engine_MaterialFunctions01/Shading/PowerToRoughness.uasset" 694
"../../../Engine/Content/Functions/Engine_MaterialFunctions01/Shading/PowerToRoughness.uexp" 695
"../../../Engine/Content/Functions/Engine_MaterialFunctions01/Shading/ConvertFromDiffSpec.uasset" 696
"../../../Engine/Content/Functions/Engine_MaterialFunctions01/Shading/ConvertFromDiffSpec.uexp" 697
"../../../Engine/Content/EngineSky/VolumetricClouds/CloudWeatherTexture.uasset" 698
"../../../Engine/Content/EngineSky/VolumetricClouds/CloudWeatherTexture.uexp" 699
"../../../Engine/Content/Functions/Engine_MaterialFunctions02/Utility/MakeFloat2.uasset" 700
"../../../Engine/Content/Functions/Engine_MaterialFunctions02/Utility/MakeFloat2.uexp" 701
"../../../Engine/Content/EngineSky/VolumetricClouds/CloudGradientTexture.uasset" 702
"../../../Engine/Content/EngineSky/VolumetricClouds/CloudGradientTexture.uexp" 703
"../../../Engine/Content/EngineSky/VolumetricClouds/T_NoiseShape64.ubulk" 704
"../../../Engine/Content/EngineSky/VolumetricClouds/T_NoiseShape64.uasset" 705
"../../../Engine/Content/EngineSky/VolumetricClouds/T_NoiseShape64.uexp" 706
"../../../Engine/Content/EngineSky/VolumetricClouds/T_VolumeNoiseShape64.uasset" 707
"../../../Engine/Content/EngineSky/VolumetricClouds/T_VolumeNoiseShape64.uexp" 708
"../../../Engine/Content/EngineSky/VolumetricClouds/T_NoiseErosion.ubulk" 709
"../../../Engine/Content/EngineSky/VolumetricClouds/T_NoiseErosion.uasset" 710
"../../../Engine/Content/EngineSky/VolumetricClouds/T_NoiseErosion.uexp" 711
"../../../Engine/Content/EngineSky/VolumetricClouds/T_VolumeNoiseErosion32.uasset" 712
"../../../Engine/Content/EngineSky/VolumetricClouds/T_VolumeNoiseErosion32.uexp" 713
"../../../Engine/Content/EngineSky/VolumetricClouds/m_SimpleVolumetricCloud.uasset" 714
"../../../Engine/Content/EngineSky/VolumetricClouds/m_SimpleVolumetricCloud.uexp" 715
"../../../Engine/Content/EngineSky/VolumetricClouds/m_SimpleVolumetricCloud_Inst.uasset" 716
"../../../Engine/Content/EngineSky/VolumetricClouds/m_SimpleVolumetricCloud_Inst.uexp" 717
"../../../Engine/Content/EngineResources/FilmGrains/Marcie_Grain_v3_128_M2_000.uasset" 718
"../../../Engine/Content/EngineResources/FilmGrains/Marcie_Grain_v3_128_M2_000.uexp" 719
"../../../Engine/Content/EditorResources/SequenceRecorder/RecordingIndicator.uasset" 720
"../../../Engine/Content/EditorResources/SequenceRecorder/RecordingIndicator.uexp" 721
"../../../Engine/Content/EditorResources/SequenceRecorder/Countdown.uasset" 722
"../../../Engine/Content/EditorResources/SequenceRecorder/Countdown.uexp" 723
"D:/github/TheLabyrinth/Content/ThirdPerson/Maps/ThirdPersonMap_BuiltData.ubulk" 724
"D:/github/TheLabyrinth/Content/ThirdPerson/Maps/ThirdPersonMap_BuiltData.uasset" 725
"D:/github/TheLabyrinth/Content/ThirdPerson/Maps/ThirdPersonMap_BuiltData.uexp" 726
"D:/github/TheLabyrinth/Content/Meshes/Wall/Wall3.ubulk" 727
"D:/github/TheLabyrinth/Content/Meshes/Wall/Wall3.uasset" 728
"D:/github/TheLabyrinth/Content/Meshes/Wall/Wall3.uexp" 729
"D:/github/TheLabyrinth/Content/Meshes/Emissive_WHITE.uasset" 730
"D:/github/TheLabyrinth/Content/Meshes/Emissive_WHITE.uexp" 731
"D:/github/TheLabyrinth/Content/Meshes/Wall/Wall2.ubulk" 732
"D:/github/TheLabyrinth/Content/Meshes/Wall/Wall2.uasset" 733
"D:/github/TheLabyrinth/Content/Meshes/Wall/Wall2.uexp" 734
"D:/github/TheLabyrinth/Content/Meshes/Portal/BLACK.uasset" 735
"D:/github/TheLabyrinth/Content/Meshes/Portal/BLACK.uexp" 736
"D:/github/TheLabyrinth/Content/Meshes/Asphalt/T_FineAsphalt_vjrbbec_2K_ORDp.ubulk" 737
"D:/github/TheLabyrinth/Content/Meshes/Asphalt/T_FineAsphalt_vjrbbec_2K_ORDp.uasset" 738
"D:/github/TheLabyrinth/Content/Meshes/Asphalt/T_FineAsphalt_vjrbbec_2K_ORDp.uexp" 739
"D:/github/TheLabyrinth/Content/Meshes/Asphalt/T_Fine_Asphalt_vjrbbec_2K_D.ubulk" 740
"D:/github/TheLabyrinth/Content/Meshes/Asphalt/T_Fine_Asphalt_vjrbbec_2K_D.uasset" 741
"D:/github/TheLabyrinth/Content/Meshes/Asphalt/T_Fine_Asphalt_vjrbbec_2K_D.uexp" 742
"D:/github/TheLabyrinth/Content/Meshes/Asphalt/T_Fine_Asphalt_vjrbbec_2K_N.ubulk" 743
"D:/github/TheLabyrinth/Content/Meshes/Asphalt/T_Fine_Asphalt_vjrbbec_2K_N.uasset" 744
"D:/github/TheLabyrinth/Content/Meshes/Asphalt/T_Fine_Asphalt_vjrbbec_2K_N.uexp" 745
"D:/github/TheLabyrinth/Content/Meshes/Asphalt/Asphalt.uasset" 746
"D:/github/TheLabyrinth/Content/Meshes/Asphalt/Asphalt.uexp" 747
"D:/github/TheLabyrinth/Content/Meshes/Stair/stair.ubulk" 748
"D:/github/TheLabyrinth/Content/Meshes/Stair/stair.uasset" 749
"D:/github/TheLabyrinth/Content/Meshes/Stair/stair.uexp" 750
"D:/github/TheLabyrinth/Content/Meshes/Portal/Metall.ubulk" 751
"D:/github/TheLabyrinth/Content/Meshes/Portal/Metall.uasset" 752
"D:/github/TheLabyrinth/Content/Meshes/Portal/Metall.uexp" 753
"D:/github/TheLabyrinth/Content/Meshes/Portal/PeopleStone.uasset" 754
"D:/github/TheLabyrinth/Content/Meshes/Portal/PeopleStone.uexp" 755
"D:/github/TheLabyrinth/Content/Meshes/Portal/portal.ubulk" 756
"D:/github/TheLabyrinth/Content/Meshes/Portal/portal.uasset" 757
"D:/github/TheLabyrinth/Content/Meshes/Portal/portal.uexp" 758
"D:/github/TheLabyrinth/Content/Meshes/Asphalt/MI_Fine_Asphalt_vjrbbec_2K.uasset" 759
"D:/github/TheLabyrinth/Content/Meshes/Asphalt/MI_Fine_Asphalt_vjrbbec_2K.uexp" 760
"D:/github/TheLabyrinth/Content/LevelPrototyping/Textures/T_GridChecker_A.ubulk" 761
"D:/github/TheLabyrinth/Content/LevelPrototyping/Textures/T_GridChecker_A.uasset" 762
"D:/github/TheLabyrinth/Content/LevelPrototyping/Textures/T_GridChecker_A.uexp" 763
"../../../Engine/Content/Functions/Engine_MaterialFunctions02/Utility/MakeFloat3.uasset" 764
"../../../Engine/Content/Functions/Engine_MaterialFunctions02/Utility/MakeFloat3.uexp" 765
"../../../Engine/Content/Functions/Engine_MaterialFunctions01/Gradient/LinearGradient.uasset" 766
"../../../Engine/Content/Functions/Engine_MaterialFunctions01/Gradient/LinearGradient.uexp" 767
"../../../Engine/Content/Functions/Engine_MaterialFunctions01/ImageAdjustment/CheapContrast.uasset" 768
"../../../Engine/Content/Functions/Engine_MaterialFunctions01/ImageAdjustment/CheapContrast.uexp" 769
"D:/github/TheLabyrinth/Content/LevelPrototyping/Materials/MF_ProcGrid.uasset" 770
"D:/github/TheLabyrinth/Content/LevelPrototyping/Materials/MF_ProcGrid.uexp" 771
"D:/github/TheLabyrinth/Content/LevelPrototyping/Materials/M_PrototypeGrid.uasset" 772
"D:/github/TheLabyrinth/Content/LevelPrototyping/Materials/M_PrototypeGrid.uexp" 773
"D:/github/TheLabyrinth/Content/LevelPrototyping/Materials/MI_PrototypeGrid_Gray.uasset" 774
"D:/github/TheLabyrinth/Content/LevelPrototyping/Materials/MI_PrototypeGrid_Gray.uexp" 775
"D:/github/TheLabyrinth/Content/LevelPrototyping/Meshes/SM_Ramp.ubulk" 776
"D:/github/TheLabyrinth/Content/LevelPrototyping/Meshes/SM_Ramp.uasset" 777
"D:/github/TheLabyrinth/Content/LevelPrototyping/Meshes/SM_Ramp.uexp" 778
"D:/github/TheLabyrinth/Content/LevelPrototyping/Meshes/SM_QuarterCylinder.ubulk" 779
"D:/github/TheLabyrinth/Content/LevelPrototyping/Meshes/SM_QuarterCylinder.uasset" 780
"D:/github/TheLabyrinth/Content/LevelPrototyping/Meshes/SM_QuarterCylinder.uexp" 781
"D:/github/TheLabyrinth/Content/LevelPrototyping/Meshes/SM_Cylinder.ubulk" 782
"D:/github/TheLabyrinth/Content/LevelPrototyping/Meshes/SM_Cylinder.uasset" 783
"D:/github/TheLabyrinth/Content/LevelPrototyping/Meshes/SM_Cylinder.uexp" 784
"D:/github/TheLabyrinth/Content/LevelPrototyping/Meshes/SM_Cube.ubulk" 785
"D:/github/TheLabyrinth/Content/LevelPrototyping/Meshes/SM_Cube.uasset" 786
"D:/github/TheLabyrinth/Content/LevelPrototyping/Meshes/SM_Cube.uexp" 787
"D:/github/TheLabyrinth/Content/LevelPrototyping/Materials/M_Solid.uasset" 788
"D:/github/TheLabyrinth/Content/LevelPrototyping/Materials/M_Solid.uexp" 789
"D:/github/TheLabyrinth/Content/LevelPrototyping/Materials/MI_Solid_Blue.uasset" 790
"D:/github/TheLabyrinth/Content/LevelPrototyping/Materials/MI_Solid_Blue.uexp" 791
"D:/github/TheLabyrinth/Content/LevelPrototyping/Meshes/SM_ChamferCube.ubulk" 792
"D:/github/TheLabyrinth/Content/LevelPrototyping/Meshes/SM_ChamferCube.uasset" 793
"D:/github/TheLabyrinth/Content/LevelPrototyping/Meshes/SM_ChamferCube.uexp" 794
"D:/github/TheLabyrinth/Content/LevelPrototyping/Materials/MI_PrototypeGrid_TopDark.uasset" 795
"D:/github/TheLabyrinth/Content/LevelPrototyping/Materials/MI_PrototypeGrid_TopDark.uexp" 796
"D:/github/TheLabyrinth/Content/LevelPrototyping/Materials/MI_PrototypeGrid_Gray_02.uasset" 797
"D:/github/TheLabyrinth/Content/LevelPrototyping/Materials/MI_PrototypeGrid_Gray_02.uexp" 798
"D:/github/TheLabyrinth/Content/Characters/Mannequins/Rigs/Poses/Manny/Manny_foot_l_anim.uasset" 799
"D:/github/TheLabyrinth/Content/Characters/Mannequins/Rigs/Poses/Manny/Manny_foot_l_anim.uexp" 800
"D:/github/TheLabyrinth/Content/Characters/Mannequins/Rigs/Poses/Manny/Manny_foot_l_pose.uasset" 801
"D:/github/TheLabyrinth/Content/Characters/Mannequins/Rigs/Poses/Manny/Manny_foot_l_pose.uexp" 802
"D:/github/TheLabyrinth/Content/Characters/Mannequins/Rigs/Poses/Manny/Manny_thigh_r_anim.uasset" 803
"D:/github/TheLabyrinth/Content/Characters/Mannequins/Rigs/Poses/Manny/Manny_thigh_r_anim.uexp" 804
"D:/github/TheLabyrinth/Content/Characters/Mannequins/Rigs/Poses/Manny/Manny_thigh_r_pose.uasset" 805
"D:/github/TheLabyrinth/Content/Characters/Mannequins/Rigs/Poses/Manny/Manny_thigh_r_pose.uexp" 806
"D:/github/TheLabyrinth/Content/Characters/Mannequins/Rigs/Poses/Manny/Manny_hand_r_anim.uasset" 807
"D:/github/TheLabyrinth/Content/Characters/Mannequins/Rigs/Poses/Manny/Manny_hand_r_anim.uexp" 808
"D:/github/TheLabyrinth/Content/Characters/Mannequins/Rigs/Poses/Manny/Manny_hand_r_pose.uasset" 809
"D:/github/TheLabyrinth/Content/Characters/Mannequins/Rigs/Poses/Manny/Manny_hand_r_pose.uexp" 810
"D:/github/TheLabyrinth/Content/Characters/Mannequins/Rigs/Poses/Manny/Manny_clavicle_l_anim.uasset" 811
"D:/github/TheLabyrinth/Content/Characters/Mannequins/Rigs/Poses/Manny/Manny_clavicle_l_anim.uexp" 812
"D:/github/TheLabyrinth/Content/Characters/Mannequins/Rigs/Poses/Manny/Manny_clavicle_l_pose.uasset" 813
"D:/github/TheLabyrinth/Content/Characters/Mannequins/Rigs/Poses/Manny/Manny_clavicle_l_pose.uexp" 814
"D:/github/TheLabyrinth/Content/Characters/Mannequins/Rigs/Poses/Manny/Manny_calf_l_anim.uasset" 815
"D:/github/TheLabyrinth/Content/Characters/Mannequins/Rigs/Poses/Manny/Manny_calf_l_anim.uexp" 816
"D:/github/TheLabyrinth/Content/Characters/Mannequins/Rigs/Poses/Manny/Manny_calf_l_pose.uasset" 817
"D:/github/TheLabyrinth/Content/Characters/Mannequins/Rigs/Poses/Manny/Manny_calf_l_pose.uexp" 818
"D:/github/TheLabyrinth/Content/Characters/Mannequins/Rigs/Poses/Manny/Manny_hand_l_anim.uasset" 819
"D:/github/TheLabyrinth/Content/Characters/Mannequins/Rigs/Poses/Manny/Manny_hand_l_anim.uexp" 820
"D:/github/TheLabyrinth/Content/Characters/Mannequins/Rigs/Poses/Manny/Manny_hand_l_pose.uasset" 821
"D:/github/TheLabyrinth/Content/Characters/Mannequins/Rigs/Poses/Manny/Manny_hand_l_pose.uexp" 822
"D:/github/TheLabyrinth/Content/Characters/Mannequins/Rigs/CR_Mannequin_Procedural.uasset" 823
"D:/github/TheLabyrinth/Content/Characters/Mannequins/Rigs/CR_Mannequin_Procedural.uexp" 824
"D:/github/TheLabyrinth/Content/Characters/Mannequins/Rigs/Poses/Manny/Manny_upperarm_r_anim.uasset" 825
"D:/github/TheLabyrinth/Content/Characters/Mannequins/Rigs/Poses/Manny/Manny_upperarm_r_anim.uexp" 826
"D:/github/TheLabyrinth/Content/Characters/Mannequins/Rigs/Poses/Manny/Manny_upperarm_r_pose.uasset" 827
"D:/github/TheLabyrinth/Content/Characters/Mannequins/Rigs/Poses/Manny/Manny_upperarm_r_pose.uexp" 828
"D:/github/TheLabyrinth/Content/Characters/Mannequins/Rigs/Poses/Manny/Manny_lowerarm_r_anim.uasset" 829
"D:/github/TheLabyrinth/Content/Characters/Mannequins/Rigs/Poses/Manny/Manny_lowerarm_r_anim.uexp" 830
"D:/github/TheLabyrinth/Content/Characters/Mannequins/Rigs/Poses/Manny/Manny_lowerarm_r_pose.uasset" 831
"D:/github/TheLabyrinth/Content/Characters/Mannequins/Rigs/Poses/Manny/Manny_lowerarm_r_pose.uexp" 832
"D:/github/TheLabyrinth/Content/Characters/Mannequins/Rigs/Poses/Manny/Manny_calf_r_anim.uasset" 833
"D:/github/TheLabyrinth/Content/Characters/Mannequins/Rigs/Poses/Manny/Manny_calf_r_anim.uexp" 834
"D:/github/TheLabyrinth/Content/Characters/Mannequins/Rigs/Poses/Manny/Manny_calf_r_pose.uasset" 835
"D:/github/TheLabyrinth/Content/Characters/Mannequins/Rigs/Poses/Manny/Manny_calf_r_pose.uexp" 836
"D:/github/TheLabyrinth/Content/Characters/Mannequins/Rigs/Poses/Manny/Manny_foot_r_anim.uasset" 837
"D:/github/TheLabyrinth/Content/Characters/Mannequins/Rigs/Poses/Manny/Manny_foot_r_anim.uexp" 838
"D:/github/TheLabyrinth/Content/Characters/Mannequins/Rigs/Poses/Manny/Manny_foot_r_pose.uasset" 839
"D:/github/TheLabyrinth/Content/Characters/Mannequins/Rigs/Poses/Manny/Manny_foot_r_pose.uexp" 840
"D:/github/TheLabyrinth/Content/Characters/Mannequins/Rigs/Poses/Manny/Manny_lowerarm_l_anim.uasset" 841
"D:/github/TheLabyrinth/Content/Characters/Mannequins/Rigs/Poses/Manny/Manny_lowerarm_l_anim.uexp" 842
"D:/github/TheLabyrinth/Content/Characters/Mannequins/Rigs/Poses/Manny/Manny_lowerarm_l_pose.uasset" 843
"D:/github/TheLabyrinth/Content/Characters/Mannequins/Rigs/Poses/Manny/Manny_lowerarm_l_pose.uexp" 844
"D:/github/TheLabyrinth/Content/Characters/Mannequins/Rigs/Poses/Manny/Manny_clavicle_r_anim.uasset" 845
"D:/github/TheLabyrinth/Content/Characters/Mannequins/Rigs/Poses/Manny/Manny_clavicle_r_anim.uexp" 846
"D:/github/TheLabyrinth/Content/Characters/Mannequins/Rigs/Poses/Manny/Manny_clavicle_r_pose.uasset" 847
"D:/github/TheLabyrinth/Content/Characters/Mannequins/Rigs/Poses/Manny/Manny_clavicle_r_pose.uexp" 848
"D:/github/TheLabyrinth/Content/Characters/Mannequins/Rigs/Poses/Manny/Manny_thigh_l_anim.uasset" 849
"D:/github/TheLabyrinth/Content/Characters/Mannequins/Rigs/Poses/Manny/Manny_thigh_l_anim.uexp" 850
"D:/github/TheLabyrinth/Content/Characters/Mannequins/Rigs/Poses/Manny/Manny_thigh_l_pose.uasset" 851
"D:/github/TheLabyrinth/Content/Characters/Mannequins/Rigs/Poses/Manny/Manny_thigh_l_pose.uexp" 852
"D:/github/TheLabyrinth/Content/Characters/Mannequins/Rigs/Poses/Manny/Manny_upperarm_l_anim.uasset" 853
"D:/github/TheLabyrinth/Content/Characters/Mannequins/Rigs/Poses/Manny/Manny_upperarm_l_anim.uexp" 854
"D:/github/TheLabyrinth/Content/Characters/Mannequins/Rigs/Poses/Manny/Manny_upperarm_l_pose.uasset" 855
"D:/github/TheLabyrinth/Content/Characters/Mannequins/Rigs/Poses/Manny/Manny_upperarm_l_pose.uexp" 856
"D:/github/TheLabyrinth/Content/Characters/Mannequins/Rigs/ABP_Manny_PostProcess.uasset" 857
"D:/github/TheLabyrinth/Content/Characters/Mannequins/Rigs/ABP_Manny_PostProcess.uexp" 858
"D:/github/TheLabyrinth/Content/Characters/Mannequins/Textures/Manny/T_Manny_02_MSR_MSK.ubulk" 859
"D:/github/TheLabyrinth/Content/Characters/Mannequins/Textures/Manny/T_Manny_02_MSR_MSK.uasset" 860
"D:/github/TheLabyrinth/Content/Characters/Mannequins/Textures/Manny/T_Manny_02_MSR_MSK.uexp" 861
"D:/github/TheLabyrinth/Content/Characters/Mannequins/Textures/Manny/T_Manny_02_CCRCCPlastic_MSK.ubulk" 862
"D:/github/TheLabyrinth/Content/Characters/Mannequins/Textures/Manny/T_Manny_02_CCRCCPlastic_MSK.uasset" 863
"D:/github/TheLabyrinth/Content/Characters/Mannequins/Textures/Manny/T_Manny_02_CCRCCPlastic_MSK.uexp" 864
"D:/github/TheLabyrinth/Content/Characters/Mannequins/Textures/Manny/T_Manny_02_Tan.ubulk" 865
"D:/github/TheLabyrinth/Content/Characters/Mannequins/Textures/Manny/T_Manny_02_Tan.uasset" 866
"D:/github/TheLabyrinth/Content/Characters/Mannequins/Textures/Manny/T_Manny_02_Tan.uexp" 867
"D:/github/TheLabyrinth/Content/Characters/Mannequins/Textures/Manny/T_Manny_02_N.ubulk" 868
"D:/github/TheLabyrinth/Content/Characters/Mannequins/Textures/Manny/T_Manny_02_N.uasset" 869
"D:/github/TheLabyrinth/Content/Characters/Mannequins/Textures/Manny/T_Manny_02_N.uexp" 870
"D:/github/TheLabyrinth/Content/Characters/Mannequins/Textures/Manny/T_Manny_01_N.ubulk" 871
"D:/github/TheLabyrinth/Content/Characters/Mannequins/Textures/Manny/T_Manny_01_N.uasset" 872
"D:/github/TheLabyrinth/Content/Characters/Mannequins/Textures/Manny/T_Manny_01_N.uexp" 873
"D:/github/TheLabyrinth/Content/Characters/Mannequins/Materials/Functions/ChromaticCurve.uasset" 874
"D:/github/TheLabyrinth/Content/Characters/Mannequins/Materials/Functions/ChromaticCurve.uexp" 875
"D:/github/TheLabyrinth/Content/Characters/Mannequins/Materials/Functions/CA_Mannequin.uasset" 876
"D:/github/TheLabyrinth/Content/Characters/Mannequins/Materials/Functions/CA_Mannequin.uexp" 877
"D:/github/TheLabyrinth/Content/Characters/Mannequins/Materials/Functions/MF_Diffraction.uasset" 878
"D:/github/TheLabyrinth/Content/Characters/Mannequins/Materials/Functions/MF_Diffraction.uexp" 879
"D:/github/TheLabyrinth/Content/Characters/Mannequins/Materials/Functions/ML_BaseColorFallOff.uasset" 880
"D:/github/TheLabyrinth/Content/Characters/Mannequins/Materials/Functions/ML_BaseColorFallOff.uexp" 881
"../../../Engine/Content/Functions/Engine_MaterialFunctions01/Texturing/ScaleUVsByCenter.uasset" 882
"../../../Engine/Content/Functions/Engine_MaterialFunctions01/Texturing/ScaleUVsByCenter.uexp" 883
"D:/github/TheLabyrinth/Content/Characters/Mannequins/Textures/Shared/T_UE_Logo_M.uasset" 884
"D:/github/TheLabyrinth/Content/Characters/Mannequins/Textures/Shared/T_UE_Logo_M.uexp" 885
"D:/github/TheLabyrinth/Content/Characters/Mannequins/Materials/Functions/MF_logo3layers.uasset" 886
"D:/github/TheLabyrinth/Content/Characters/Mannequins/Materials/Functions/MF_logo3layers.uexp" 887
"D:/github/TheLabyrinth/Content/Characters/Mannequins/Textures/Manny/T_Manny_01_CCRCCPlastic_MSK.ubulk" 888
"D:/github/TheLabyrinth/Content/Characters/Mannequins/Textures/Manny/T_Manny_01_CCRCCPlastic_MSK.uasset" 889
"D:/github/TheLabyrinth/Content/Characters/Mannequins/Textures/Manny/T_Manny_01_CCRCCPlastic_MSK.uexp" 890
"D:/github/TheLabyrinth/Content/Characters/Mannequins/Textures/Manny/T_Manny_01_ASAOPMASK_MSK.ubulk" 891
"D:/github/TheLabyrinth/Content/Characters/Mannequins/Textures/Manny/T_Manny_01_ASAOPMASK_MSK.uasset" 892
"D:/github/TheLabyrinth/Content/Characters/Mannequins/Textures/Manny/T_Manny_01_ASAOPMASK_MSK.uexp" 893
"D:/github/TheLabyrinth/Content/Characters/Mannequins/Textures/Manny/T_Manny_01_MSR_MSK.ubulk" 894
"D:/github/TheLabyrinth/Content/Characters/Mannequins/Textures/Manny/T_Manny_01_MSR_MSK.uasset" 895
"D:/github/TheLabyrinth/Content/Characters/Mannequins/Textures/Manny/T_Manny_01_MSR_MSK.uexp" 896
"D:/github/TheLabyrinth/Content/Characters/Mannequins/Textures/Manny/T_Manny_01_BN.ubulk" 897
"D:/github/TheLabyrinth/Content/Characters/Mannequins/Textures/Manny/T_Manny_01_BN.uasset" 898
"D:/github/TheLabyrinth/Content/Characters/Mannequins/Textures/Manny/T_Manny_01_BN.uexp" 899
"D:/github/TheLabyrinth/Content/Characters/Mannequins/Textures/Manny/T_Manny_01_D.ubulk" 900
"D:/github/TheLabyrinth/Content/Characters/Mannequins/Textures/Manny/T_Manny_01_D.uasset" 901
"D:/github/TheLabyrinth/Content/Characters/Mannequins/Textures/Manny/T_Manny_01_D.uexp" 902
"D:/github/TheLabyrinth/Content/Characters/Mannequins/Textures/Manny/T_Manny_01_Tan.ubulk" 903
"D:/github/TheLabyrinth/Content/Characters/Mannequins/Textures/Manny/T_Manny_01_Tan.uasset" 904
"D:/github/TheLabyrinth/Content/Characters/Mannequins/Textures/Manny/T_Manny_01_Tan.uexp" 905
"D:/github/TheLabyrinth/Content/Characters/Mannequins/Materials/M_Mannequin.uasset" 906
"D:/github/TheLabyrinth/Content/Characters/Mannequins/Materials/M_Mannequin.uexp" 907
"D:/github/TheLabyrinth/Content/Characters/Mannequins/Materials/Instances/Manny/MI_Manny_01.uasset" 908
"D:/github/TheLabyrinth/Content/Characters/Mannequins/Materials/Instances/Manny/MI_Manny_01.uexp" 909
"D:/github/TheLabyrinth/Content/Characters/Mannequins/Textures/Manny/T_Manny_02_BN.ubulk" 910
"D:/github/TheLabyrinth/Content/Characters/Mannequins/Textures/Manny/T_Manny_02_BN.uasset" 911
"D:/github/TheLabyrinth/Content/Characters/Mannequins/Textures/Manny/T_Manny_02_BN.uexp" 912
"D:/github/TheLabyrinth/Content/Characters/Mannequins/Textures/Manny/T_Manny_02_ASAOPMASK_MSK.ubulk" 913
"D:/github/TheLabyrinth/Content/Characters/Mannequins/Textures/Manny/T_Manny_02_ASAOPMASK_MSK.uasset" 914
"D:/github/TheLabyrinth/Content/Characters/Mannequins/Textures/Manny/T_Manny_02_ASAOPMASK_MSK.uexp" 915
"D:/github/TheLabyrinth/Content/Characters/Mannequins/Textures/Manny/T_Manny_02_D.ubulk" 916
"D:/github/TheLabyrinth/Content/Characters/Mannequins/Textures/Manny/T_Manny_02_D.uasset" 917
"D:/github/TheLabyrinth/Content/Characters/Mannequins/Textures/Manny/T_Manny_02_D.uexp" 918
"D:/github/TheLabyrinth/Content/Characters/Mannequins/Materials/Instances/Manny/MI_Manny_02.uasset" 919
"D:/github/TheLabyrinth/Content/Characters/Mannequins/Materials/Instances/Manny/MI_Manny_02.uexp" 920
"D:/github/TheLabyrinth/Content/Characters/Mannequins/Rigs/PA_Mannequin.uasset" 921
"D:/github/TheLabyrinth/Content/Characters/Mannequins/Rigs/PA_Mannequin.uexp" 922
"D:/github/TheLabyrinth/Content/Characters/Mannequins/Meshes/SKM_Manny.uasset" 923
"D:/github/TheLabyrinth/Content/Characters/Mannequins/Meshes/SKM_Manny.uexp" 924
"D:/github/TheLabyrinth/Content/Characters/Mannequins/Meshes/SKM_Manny_Simple.uasset" 925
"D:/github/TheLabyrinth/Content/Characters/Mannequins/Meshes/SKM_Manny_Simple.uexp" 926
"D:/github/TheLabyrinth/Content/Characters/Mannequins/Rigs/RTG_Mannequin.uasset" 927
"D:/github/TheLabyrinth/Content/Characters/Mannequins/Rigs/RTG_Mannequin.uexp" 928
"D:/github/TheLabyrinth/Content/Characters/Mannequins/Rigs/IK_Mannequin.uasset" 929
"D:/github/TheLabyrinth/Content/Characters/Mannequins/Rigs/IK_Mannequin.uexp" 930
"../../../Engine/Plugins/Animation/ControlRig/Content/Controls/DefaultGizmoLibraryNormalized.uasset" 931
"../../../Engine/Plugins/Animation/ControlRig/Content/Controls/DefaultGizmoLibraryNormalized.uexp" 932
"D:/github/TheLabyrinth/Content/Characters/Mannequins/Rigs/CR_Mannequin_Body.uasset" 933
"D:/github/TheLabyrinth/Content/Characters/Mannequins/Rigs/CR_Mannequin_Body.uexp" 934
"D:/github/TheLabyrinth/Content/Characters/Mannequins/Textures/Quinn/T_Quinn_02ID_MSR_MSK.ubulk" 935
"D:/github/TheLabyrinth/Content/Characters/Mannequins/Textures/Quinn/T_Quinn_02ID_MSR_MSK.uasset" 936
"D:/github/TheLabyrinth/Content/Characters/Mannequins/Textures/Quinn/T_Quinn_02ID_MSR_MSK.uexp" 937
"D:/github/TheLabyrinth/Content/Characters/Mannequins/Textures/Quinn/T_Quinn_02ID_BN.ubulk" 938
"D:/github/TheLabyrinth/Content/Characters/Mannequins/Textures/Quinn/T_Quinn_02ID_BN.uasset" 939
"D:/github/TheLabyrinth/Content/Characters/Mannequins/Textures/Quinn/T_Quinn_02ID_BN.uexp" 940
"D:/github/TheLabyrinth/Content/Characters/Mannequins/Textures/Quinn/T_Quinn_02_ASAOMASK_MSK.ubulk" 941
"D:/github/TheLabyrinth/Content/Characters/Mannequins/Textures/Quinn/T_Quinn_02_ASAOMASK_MSK.uasset" 942
"D:/github/TheLabyrinth/Content/Characters/Mannequins/Textures/Quinn/T_Quinn_02_ASAOMASK_MSK.uexp" 943
"D:/github/TheLabyrinth/Content/Characters/Mannequins/Textures/Quinn/T_Quinn_02_CCRCCPlastic_MSK.ubulk" 944
"D:/github/TheLabyrinth/Content/Characters/Mannequins/Textures/Quinn/T_Quinn_02_CCRCCPlastic_MSK.uasset" 945
"D:/github/TheLabyrinth/Content/Characters/Mannequins/Textures/Quinn/T_Quinn_02_CCRCCPlastic_MSK.uexp" 946
"D:/github/TheLabyrinth/Content/Characters/Mannequins/Textures/Quinn/T_Quinn_02ID_Tan.ubulk" 947
"D:/github/TheLabyrinth/Content/Characters/Mannequins/Textures/Quinn/T_Quinn_02ID_Tan.uasset" 948
"D:/github/TheLabyrinth/Content/Characters/Mannequins/Textures/Quinn/T_Quinn_02ID_Tan.uexp" 949
"D:/github/TheLabyrinth/Content/Characters/Mannequins/Textures/Quinn/T_Quinn_02ID_D.ubulk" 950
"D:/github/TheLabyrinth/Content/Characters/Mannequins/Textures/Quinn/T_Quinn_02ID_D.uasset" 951
"D:/github/TheLabyrinth/Content/Characters/Mannequins/Textures/Quinn/T_Quinn_02ID_D.uexp" 952
"D:/github/TheLabyrinth/Content/Characters/Mannequins/Textures/Quinn/T_Quinn_01ID_MSR_MSK.ubulk" 953
"D:/github/TheLabyrinth/Content/Characters/Mannequins/Textures/Quinn/T_Quinn_01ID_MSR_MSK.uasset" 954
"D:/github/TheLabyrinth/Content/Characters/Mannequins/Textures/Quinn/T_Quinn_01ID_MSR_MSK.uexp" 955
"D:/github/TheLabyrinth/Content/Characters/Mannequins/Textures/Quinn/T_Quinn_01_ASAOMASK_MSK.ubulk" 956
"D:/github/TheLabyrinth/Content/Characters/Mannequins/Textures/Quinn/T_Quinn_01_ASAOMASK_MSK.uasset" 957
"D:/github/TheLabyrinth/Content/Characters/Mannequins/Textures/Quinn/T_Quinn_01_ASAOMASK_MSK.uexp" 958
"D:/github/TheLabyrinth/Content/Characters/Mannequins/Textures/Quinn/T_Quinn_01ID_N.ubulk" 959
"D:/github/TheLabyrinth/Content/Characters/Mannequins/Textures/Quinn/T_Quinn_01ID_N.uasset" 960
"D:/github/TheLabyrinth/Content/Characters/Mannequins/Textures/Quinn/T_Quinn_01ID_N.uexp" 961
"D:/github/TheLabyrinth/Content/Characters/Mannequins/Textures/Quinn/T_Quinn_01ID_BN.ubulk" 962
"D:/github/TheLabyrinth/Content/Characters/Mannequins/Textures/Quinn/T_Quinn_01ID_BN.uasset" 963
"D:/github/TheLabyrinth/Content/Characters/Mannequins/Textures/Quinn/T_Quinn_01ID_BN.uexp" 964
"D:/github/TheLabyrinth/Content/Characters/Mannequins/Textures/Quinn/T_Quinn_01ID_D.ubulk" 965
"D:/github/TheLabyrinth/Content/Characters/Mannequins/Textures/Quinn/T_Quinn_01ID_D.uasset" 966
"D:/github/TheLabyrinth/Content/Characters/Mannequins/Textures/Quinn/T_Quinn_01ID_D.uexp" 967
"D:/github/TheLabyrinth/Content/Characters/Mannequins/Textures/Quinn/T_Quinn_01ID_Tan.ubulk" 968
"D:/github/TheLabyrinth/Content/Characters/Mannequins/Textures/Quinn/T_Quinn_01ID_Tan.uasset" 969
"D:/github/TheLabyrinth/Content/Characters/Mannequins/Textures/Quinn/T_Quinn_01ID_Tan.uexp" 970
"D:/github/TheLabyrinth/Content/Characters/Mannequins/Textures/Quinn/T_Quinn_01_CCRCCPlastic_MSK.ubulk" 971
"D:/github/TheLabyrinth/Content/Characters/Mannequins/Textures/Quinn/T_Quinn_01_CCRCCPlastic_MSK.uasset" 972
"D:/github/TheLabyrinth/Content/Characters/Mannequins/Textures/Quinn/T_Quinn_01_CCRCCPlastic_MSK.uexp" 973
"D:/github/TheLabyrinth/Content/Characters/Mannequins/Materials/Instances/Quinn/MI_Quinn_01.uasset" 974
"D:/github/TheLabyrinth/Content/Characters/Mannequins/Materials/Instances/Quinn/MI_Quinn_01.uexp" 975
"D:/github/TheLabyrinth/Content/Characters/Mannequins/Textures/Quinn/T_Quinn_02ID_N.ubulk" 976
"D:/github/TheLabyrinth/Content/Characters/Mannequins/Textures/Quinn/T_Quinn_02ID_N.uasset" 977
"D:/github/TheLabyrinth/Content/Characters/Mannequins/Textures/Quinn/T_Quinn_02ID_N.uexp" 978
"D:/github/TheLabyrinth/Content/Characters/Mannequins/Materials/Instances/Quinn/MI_Quinn_02.uasset" 979
"D:/github/TheLabyrinth/Content/Characters/Mannequins/Materials/Instances/Quinn/MI_Quinn_02.uexp" 980
"D:/github/TheLabyrinth/Content/Characters/Mannequins/Meshes/SKM_Quinn_Simple.uasset" 981
"D:/github/TheLabyrinth/Content/Characters/Mannequins/Meshes/SKM_Quinn_Simple.uexp" 982
"D:/github/TheLabyrinth/Content/Characters/Mannequins/Rigs/Poses/Quinn/Quinn_foot_l_anim.uasset" 983
"D:/github/TheLabyrinth/Content/Characters/Mannequins/Rigs/Poses/Quinn/Quinn_foot_l_anim.uexp" 984
"D:/github/TheLabyrinth/Content/Characters/Mannequins/Rigs/Poses/Quinn/Quinn_foot_l_pose.uasset" 985
"D:/github/TheLabyrinth/Content/Characters/Mannequins/Rigs/Poses/Quinn/Quinn_foot_l_pose.uexp" 986
"D:/github/TheLabyrinth/Content/Characters/Mannequins/Rigs/Poses/Quinn/Quinn_clavicle_l_anim.uasset" 987
"D:/github/TheLabyrinth/Content/Characters/Mannequins/Rigs/Poses/Quinn/Quinn_clavicle_l_anim.uexp" 988
"D:/github/TheLabyrinth/Content/Characters/Mannequins/Rigs/Poses/Quinn/Quinn_clavicle_l_pose.uasset" 989
"D:/github/TheLabyrinth/Content/Characters/Mannequins/Rigs/Poses/Quinn/Quinn_clavicle_l_pose.uexp" 990
"D:/github/TheLabyrinth/Content/Characters/Mannequins/Rigs/Poses/Quinn/Quinn_clavicle_r_anim.uasset" 991
"D:/github/TheLabyrinth/Content/Characters/Mannequins/Rigs/Poses/Quinn/Quinn_clavicle_r_anim.uexp" 992
"D:/github/TheLabyrinth/Content/Characters/Mannequins/Rigs/Poses/Quinn/Quinn_clavicle_r_pose.uasset" 993
"D:/github/TheLabyrinth/Content/Characters/Mannequins/Rigs/Poses/Quinn/Quinn_clavicle_r_pose.uexp" 994
"D:/github/TheLabyrinth/Content/Characters/Mannequins/Rigs/Poses/Quinn/Quinn_upperarm_l_anim.uasset" 995
"D:/github/TheLabyrinth/Content/Characters/Mannequins/Rigs/Poses/Quinn/Quinn_upperarm_l_anim.uexp" 996
"D:/github/TheLabyrinth/Content/Characters/Mannequins/Rigs/Poses/Quinn/Quinn_upperarm_l_pose.uasset" 997
"D:/github/TheLabyrinth/Content/Characters/Mannequins/Rigs/Poses/Quinn/Quinn_upperarm_l_pose.uexp" 998
"D:/github/TheLabyrinth/Content/Characters/Mannequins/Rigs/Poses/Quinn/Quinn_lowerarm_l_anim.uasset" 999
"D:/github/TheLabyrinth/Content/Characters/Mannequins/Rigs/Poses/Quinn/Quinn_lowerarm_l_anim.uexp" 1000
"D:/github/TheLabyrinth/Content/Characters/Mannequins/Rigs/Poses/Quinn/Quinn_lowerarm_l_pose.uasset" 1001
"D:/github/TheLabyrinth/Content/Characters/Mannequins/Rigs/Poses/Quinn/Quinn_lowerarm_l_pose.uexp" 1002
"D:/github/TheLabyrinth/Content/Characters/Mannequins/Rigs/Poses/Quinn/Quinn_calf_l_anim.uasset" 1003
"D:/github/TheLabyrinth/Content/Characters/Mannequins/Rigs/Poses/Quinn/Quinn_calf_l_anim.uexp" 1004
"D:/github/TheLabyrinth/Content/Characters/Mannequins/Rigs/Poses/Quinn/Quinn_calf_l_pose.uasset" 1005
"D:/github/TheLabyrinth/Content/Characters/Mannequins/Rigs/Poses/Quinn/Quinn_calf_l_pose.uexp" 1006
"D:/github/TheLabyrinth/Content/Characters/Mannequins/Rigs/Poses/Quinn/Quinn_upperarm_r_anim.uasset" 1007
"D:/github/TheLabyrinth/Content/Characters/Mannequins/Rigs/Poses/Quinn/Quinn_upperarm_r_anim.uexp" 1008
"D:/github/TheLabyrinth/Content/Characters/Mannequins/Rigs/Poses/Quinn/Quinn_upperarm_r_pose.uasset" 1009
"D:/github/TheLabyrinth/Content/Characters/Mannequins/Rigs/Poses/Quinn/Quinn_upperarm_r_pose.uexp" 1010
"D:/github/TheLabyrinth/Content/Characters/Mannequins/Rigs/Poses/Quinn/Quinn_calf_r_anim.uasset" 1011
"D:/github/TheLabyrinth/Content/Characters/Mannequins/Rigs/Poses/Quinn/Quinn_calf_r_anim.uexp" 1012
"D:/github/TheLabyrinth/Content/Characters/Mannequins/Rigs/Poses/Quinn/Quinn_calf_r_pose.uasset" 1013
"D:/github/TheLabyrinth/Content/Characters/Mannequins/Rigs/Poses/Quinn/Quinn_calf_r_pose.uexp" 1014
"D:/github/TheLabyrinth/Content/Characters/Mannequins/Rigs/Poses/Quinn/Quinn_foot_r_anim.uasset" 1015
"D:/github/TheLabyrinth/Content/Characters/Mannequins/Rigs/Poses/Quinn/Quinn_foot_r_anim.uexp" 1016
"D:/github/TheLabyrinth/Content/Characters/Mannequins/Rigs/Poses/Quinn/Quinn_foot_r_pose.uasset" 1017
"D:/github/TheLabyrinth/Content/Characters/Mannequins/Rigs/Poses/Quinn/Quinn_foot_r_pose.uexp" 1018
"D:/github/TheLabyrinth/Content/Characters/Mannequins/Rigs/Poses/Quinn/Quinn_lowerarm_r_anim.uasset" 1019
"D:/github/TheLabyrinth/Content/Characters/Mannequins/Rigs/Poses/Quinn/Quinn_lowerarm_r_anim.uexp" 1020
"D:/github/TheLabyrinth/Content/Characters/Mannequins/Rigs/Poses/Quinn/Quinn_lowerarm_r_pose.uasset" 1021
"D:/github/TheLabyrinth/Content/Characters/Mannequins/Rigs/Poses/Quinn/Quinn_lowerarm_r_pose.uexp" 1022
"D:/github/TheLabyrinth/Content/Characters/Mannequins/Rigs/Poses/Quinn/Quinn_thigh_l_anim.uasset" 1023
"D:/github/TheLabyrinth/Content/Characters/Mannequins/Rigs/Poses/Quinn/Quinn_thigh_l_anim.uexp" 1024
"D:/github/TheLabyrinth/Content/Characters/Mannequins/Rigs/Poses/Quinn/Quinn_thigh_l_pose.uasset" 1025
"D:/github/TheLabyrinth/Content/Characters/Mannequins/Rigs/Poses/Quinn/Quinn_thigh_l_pose.uexp" 1026
"D:/github/TheLabyrinth/Content/Characters/Mannequins/Rigs/Poses/Quinn/Quinn_thigh_r_anim.uasset" 1027
"D:/github/TheLabyrinth/Content/Characters/Mannequins/Rigs/Poses/Quinn/Quinn_thigh_r_anim.uexp" 1028
"D:/github/TheLabyrinth/Content/Characters/Mannequins/Rigs/Poses/Quinn/Quinn_thigh_r_pose.uasset" 1029
"D:/github/TheLabyrinth/Content/Characters/Mannequins/Rigs/Poses/Quinn/Quinn_thigh_r_pose.uexp" 1030
"D:/github/TheLabyrinth/Content/Characters/Mannequins/Rigs/Poses/Quinn/Quinn_hand_l_anim.uasset" 1031
"D:/github/TheLabyrinth/Content/Characters/Mannequins/Rigs/Poses/Quinn/Quinn_hand_l_anim.uexp" 1032
"D:/github/TheLabyrinth/Content/Characters/Mannequins/Rigs/Poses/Quinn/Quinn_hand_l_pose.uasset" 1033
"D:/github/TheLabyrinth/Content/Characters/Mannequins/Rigs/Poses/Quinn/Quinn_hand_l_pose.uexp" 1034
"D:/github/TheLabyrinth/Content/Characters/Mannequins/Rigs/Poses/Quinn/Quinn_hand_r_anim.uasset" 1035
"D:/github/TheLabyrinth/Content/Characters/Mannequins/Rigs/Poses/Quinn/Quinn_hand_r_anim.uexp" 1036
"D:/github/TheLabyrinth/Content/Characters/Mannequins/Rigs/Poses/Quinn/Quinn_hand_r_pose.uasset" 1037
"D:/github/TheLabyrinth/Content/Characters/Mannequins/Rigs/Poses/Quinn/Quinn_hand_r_pose.uexp" 1038
"D:/github/TheLabyrinth/Content/Characters/Mannequins/Rigs/ABP_Quinn_PostProcess.uasset" 1039
"D:/github/TheLabyrinth/Content/Characters/Mannequins/Rigs/ABP_Quinn_PostProcess.uexp" 1040
"D:/github/TheLabyrinth/Content/Characters/Mannequins/Meshes/SKM_Quinn.uasset" 1041
"D:/github/TheLabyrinth/Content/Characters/Mannequins/Meshes/SKM_Quinn.uexp" 1042
"D:/github/TheLabyrinth/Content/Characters/Mannequins/Meshes/Mannequin_LODSettings.uasset" 1043
"D:/github/TheLabyrinth/Content/Characters/Mannequins/Meshes/Mannequin_LODSettings.uexp" 1044
"D:/github/TheLabyrinth/Content/Characters/Mannequins/Animations/Manny/MM_T_Pose.uasset" 1045
"D:/github/TheLabyrinth/Content/Characters/Mannequins/Animations/Manny/MM_T_Pose.uexp" 1046
"../../../Engine/Content/Maps/Entry_BuiltData.uasset" 1047
"../../../Engine/Content/Maps/Entry_BuiltData.uexp" 1048
"../../../Engine/Content/Maps/Entry.uexp" 1049
"../../../Engine/Content/Maps/Entry.umap" 1050
"../../../Engine/Content/Maps/Templates/HLODs/HLODLayer_Instanced.uasset" 1051
"../../../Engine/Content/Maps/Templates/HLODs/HLODLayer_Instanced.uexp" 1052
"D:/github/TheLabyrinth/Content/Meshes/Guest/CPD_roughness.ubulk" 1053
"D:/github/TheLabyrinth/Content/Meshes/Guest/CPD_roughness.uasset" 1054
"D:/github/TheLabyrinth/Content/Meshes/Guest/CPD_roughness.uexp" 1055
"D:/github/TheLabyrinth/Content/Meshes/Guest/CPD_normal.ubulk" 1056
"D:/github/TheLabyrinth/Content/Meshes/Guest/CPD_normal.uasset" 1057
"D:/github/TheLabyrinth/Content/Meshes/Guest/CPD_normal.uexp" 1058
"D:/github/TheLabyrinth/Content/Meshes/Guest/CPD_metallic.ubulk" 1059
"D:/github/TheLabyrinth/Content/Meshes/Guest/CPD_metallic.uasset" 1060
"D:/github/TheLabyrinth/Content/Meshes/Guest/CPD_metallic.uexp" 1061
"D:/github/TheLabyrinth/Content/Meshes/Guest/CPD_basecolor.ubulk" 1062
"D:/github/TheLabyrinth/Content/Meshes/Guest/CPD_basecolor.uasset" 1063
"D:/github/TheLabyrinth/Content/Meshes/Guest/CPD_basecolor.uexp" 1064
"D:/github/TheLabyrinth/Content/Meshes/Guest/CPD_AO.ubulk" 1065
"D:/github/TheLabyrinth/Content/Meshes/Guest/CPD_AO.uasset" 1066
"D:/github/TheLabyrinth/Content/Meshes/Guest/CPD_AO.uexp" 1067
"D:/github/TheLabyrinth/Content/Meshes/Guest/CPD.uasset" 1068
"D:/github/TheLabyrinth/Content/Meshes/Guest/CPD.uexp" 1069
"D:/github/TheLabyrinth/Content/Meshes/Guest/CPP_basecolor.ubulk" 1070
"D:/github/TheLabyrinth/Content/Meshes/Guest/CPP_basecolor.uasset" 1071
"D:/github/TheLabyrinth/Content/Meshes/Guest/CPP_basecolor.uexp" 1072
"D:/github/TheLabyrinth/Content/Meshes/Guest/CPP_normal.ubulk" 1073
"D:/github/TheLabyrinth/Content/Meshes/Guest/CPP_normal.uasset" 1074
"D:/github/TheLabyrinth/Content/Meshes/Guest/CPP_normal.uexp" 1075
"D:/github/TheLabyrinth/Content/Meshes/Guest/CPP_roughness.ubulk" 1076
"D:/github/TheLabyrinth/Content/Meshes/Guest/CPP_roughness.uasset" 1077
"D:/github/TheLabyrinth/Content/Meshes/Guest/CPP_roughness.uexp" 1078
"D:/github/TheLabyrinth/Content/Meshes/Guest/CPP_metallic.ubulk" 1079
"D:/github/TheLabyrinth/Content/Meshes/Guest/CPP_metallic.uasset" 1080
"D:/github/TheLabyrinth/Content/Meshes/Guest/CPP_metallic.uexp" 1081
"D:/github/TheLabyrinth/Content/Meshes/Guest/CPP_AO.ubulk" 1082
"D:/github/TheLabyrinth/Content/Meshes/Guest/CPP_AO.uasset" 1083
"D:/github/TheLabyrinth/Content/Meshes/Guest/CPP_AO.uexp" 1084
"D:/github/TheLabyrinth/Content/Meshes/Guest/CPP.uasset" 1085
"D:/github/TheLabyrinth/Content/Meshes/Guest/CPP.uexp" 1086
"D:/github/TheLabyrinth/Content/Meshes/Guest/pers.ubulk" 1087
"D:/github/TheLabyrinth/Content/Meshes/Guest/pers.uasset" 1088
"D:/github/TheLabyrinth/Content/Meshes/Guest/pers.uexp" 1089
"D:/github/TheLabyrinth/Content/Blueprints/Guest.uasset" 1090
"D:/github/TheLabyrinth/Content/Blueprints/Guest.uexp" 1091
"D:/github/TheLabyrinth/Content/ThirdPerson/Maps/ThirdPersonMap.uexp" 1092
"D:/github/TheLabyrinth/Content/ThirdPerson/Maps/ThirdPersonMap.umap" 1093
